LoggerDateTime:2017/6/22 16:12:15  
ID:[ThreadID:14] 
Message:Error:'B' 附近有语法错误。
关键字 'with' 附近有语法错误。如果此语句是公用表表达式、xmlnamespaces 子句或者更改跟踪上下文子句，那么前一个语句必须以分号结尾。
关键字 'with' 附近有语法错误。如果此语句是公用表表达式、xmlnamespaces 子句或者更改跟踪上下文子句，那么前一个语句必须以分号结尾。
关键字 'AND' 附近有语法错误。|   at System.Data.SqlClient.SqlConnection.OnError(SqlException exception, Boolean breakConnection, Action`1 wrapCloseInAction)
   at System.Data.SqlClient.TdsParser.ThrowExceptionAndWarning(TdsParserStateObject stateObj, Boolean callerHasConnectionLock, Boolean asyncClose)
   at System.Data.SqlClient.TdsParser.TryRun(RunBehavior runBehavior, SqlCommand cmdHandler, SqlDataReader dataStream, BulkCopySimpleResultSet bulkCopyHandler, TdsParserStateObject stateObj, Boolean& dataReady)
   at System.Data.SqlClient.SqlDataReader.TryConsumeMetaData()
   at System.Data.SqlClient.SqlDataReader.get_MetaData()
   at System.Data.SqlClient.SqlCommand.FinishExecuteReader(SqlDataReader ds, RunBehavior runBehavior, String resetOptionsString)
   at System.Data.SqlClient.SqlCommand.RunExecuteReaderTds(CommandBehavior cmdBehavior, RunBehavior runBehavior, Boolean returnStream, Boolean async, Int32 timeout, Task& task, Boolean asyncWrite, SqlDataReader ds)
   at System.Data.SqlClient.SqlCommand.ExecuteReader(CommandBehavior behavior)
   at PetaPoco.NetCore.Database.<Query>d__63`1.MoveNext()
   at System.Collections.Generic.List`1..ctor(IEnumerable`1 collection)
   at System.Linq.Enumerable.ToList[TSource](IEnumerable`1 source)
   at CGT.PetaPoco.Repositories.CgtTravel.TravelBillRep.GetTravelBillListDownload(String PayCenterCode, Int32 Status, String BillType, Nullable`1 StartDate, Nullable`1 EndDate) in C:\code\cgt_api\CGT.ApiCode\CGT.PetaPoco.Repositories\CgtTravel\TravelBillRep.cs:line 181
   at CGT.Api.Service.Boss.TravelBill.GetTravelBillDownloadService.ExecuteMethod() in C:\code\cgt_api\CGT.ApiCode\CGT.Api.Service\Boss\TravelBill\GetTravelBillDownloadService.cs:line 43 
                        
LoggerDateTime:2017/6/22 16:13:11  
ID:[ThreadID:16] 
Message:Error:'B' 附近有语法错误。
关键字 'with' 附近有语法错误。如果此语句是公用表表达式、xmlnamespaces 子句或者更改跟踪上下文子句，那么前一个语句必须以分号结尾。
关键字 'with' 附近有语法错误。如果此语句是公用表表达式、xmlnamespaces 子句或者更改跟踪上下文子句，那么前一个语句必须以分号结尾。
关键字 'AND' 附近有语法错误。|   at System.Data.SqlClient.SqlConnection.OnError(SqlException exception, Boolean breakConnection, Action`1 wrapCloseInAction)
   at System.Data.SqlClient.TdsParser.ThrowExceptionAndWarning(TdsParserStateObject stateObj, Boolean callerHasConnectionLock, Boolean asyncClose)
   at System.Data.SqlClient.TdsParser.TryRun(RunBehavior runBehavior, SqlCommand cmdHandler, SqlDataReader dataStream, BulkCopySimpleResultSet bulkCopyHandler, TdsParserStateObject stateObj, Boolean& dataReady)
   at System.Data.SqlClient.SqlDataReader.TryConsumeMetaData()
   at System.Data.SqlClient.SqlDataReader.get_MetaData()
   at System.Data.SqlClient.SqlCommand.FinishExecuteReader(SqlDataReader ds, RunBehavior runBehavior, String resetOptionsString)
   at System.Data.SqlClient.SqlCommand.RunExecuteReaderTds(CommandBehavior cmdBehavior, RunBehavior runBehavior, Boolean returnStream, Boolean async, Int32 timeout, Task& task, Boolean asyncWrite, SqlDataReader ds)
   at System.Data.SqlClient.SqlCommand.ExecuteReader(CommandBehavior behavior)
   at PetaPoco.NetCore.Database.<Query>d__63`1.MoveNext()
   at System.Collections.Generic.List`1..ctor(IEnumerable`1 collection)
   at System.Linq.Enumerable.ToList[TSource](IEnumerable`1 source)
   at CGT.PetaPoco.Repositories.CgtTravel.TravelBillRep.GetTravelBillListDownload(String PayCenterCode, Int32 Status, String BillType, Nullable`1 StartDate, Nullable`1 EndDate) in C:\code\cgt_api\CGT.ApiCode\CGT.PetaPoco.Repositories\CgtTravel\TravelBillRep.cs:line 181
   at CGT.Api.Service.Boss.TravelBill.GetTravelBillDownloadService.ExecuteMethod() in C:\code\cgt_api\CGT.ApiCode\CGT.Api.Service\Boss\TravelBill\GetTravelBillDownloadService.cs:line 43 
                        
LoggerDateTime:2017/6/22 16:13:16  
ID:[ThreadID:15] 
Message:Error:'B' 附近有语法错误。
关键字 'with' 附近有语法错误。如果此语句是公用表表达式、xmlnamespaces 子句或者更改跟踪上下文子句，那么前一个语句必须以分号结尾。
关键字 'with' 附近有语法错误。如果此语句是公用表表达式、xmlnamespaces 子句或者更改跟踪上下文子句，那么前一个语句必须以分号结尾。
关键字 'AND' 附近有语法错误。|   at System.Data.SqlClient.SqlConnection.OnError(SqlException exception, Boolean breakConnection, Action`1 wrapCloseInAction)
   at System.Data.SqlClient.TdsParser.ThrowExceptionAndWarning(TdsParserStateObject stateObj, Boolean callerHasConnectionLock, Boolean asyncClose)
   at System.Data.SqlClient.TdsParser.TryRun(RunBehavior runBehavior, SqlCommand cmdHandler, SqlDataReader dataStream, BulkCopySimpleResultSet bulkCopyHandler, TdsParserStateObject stateObj, Boolean& dataReady)
   at System.Data.SqlClient.SqlDataReader.TryConsumeMetaData()
   at System.Data.SqlClient.SqlDataReader.get_MetaData()
   at System.Data.SqlClient.SqlCommand.FinishExecuteReader(SqlDataReader ds, RunBehavior runBehavior, String resetOptionsString)
   at System.Data.SqlClient.SqlCommand.RunExecuteReaderTds(CommandBehavior cmdBehavior, RunBehavior runBehavior, Boolean returnStream, Boolean async, Int32 timeout, Task& task, Boolean asyncWrite, SqlDataReader ds)
   at System.Data.SqlClient.SqlCommand.ExecuteReader(CommandBehavior behavior)
   at PetaPoco.NetCore.Database.<Query>d__63`1.MoveNext()
   at System.Collections.Generic.List`1..ctor(IEnumerable`1 collection)
   at System.Linq.Enumerable.ToList[TSource](IEnumerable`1 source)
   at CGT.PetaPoco.Repositories.CgtTravel.TravelBillRep.GetTravelBillListDownload(String PayCenterCode, Int32 Status, String BillType, Nullable`1 StartDate, Nullable`1 EndDate) in C:\code\cgt_api\CGT.ApiCode\CGT.PetaPoco.Repositories\CgtTravel\TravelBillRep.cs:line 181
   at CGT.Api.Service.Boss.TravelBill.GetTravelBillDownloadService.ExecuteMethod() in C:\code\cgt_api\CGT.ApiCode\CGT.Api.Service\Boss\TravelBill\GetTravelBillDownloadService.cs:line 43 
                        
LoggerDateTime:2017/6/22 16:16:25  
ID:[ThreadID:26] 
Message:Error:'B' 附近有语法错误。
关键字 'with' 附近有语法错误。如果此语句是公用表表达式、xmlnamespaces 子句或者更改跟踪上下文子句，那么前一个语句必须以分号结尾。
关键字 'with' 附近有语法错误。如果此语句是公用表表达式、xmlnamespaces 子句或者更改跟踪上下文子句，那么前一个语句必须以分号结尾。
关键字 'AND' 附近有语法错误。|   at System.Data.SqlClient.SqlConnection.OnError(SqlException exception, Boolean breakConnection, Action`1 wrapCloseInAction)
   at System.Data.SqlClient.TdsParser.ThrowExceptionAndWarning(TdsParserStateObject stateObj, Boolean callerHasConnectionLock, Boolean asyncClose)
   at System.Data.SqlClient.TdsParser.TryRun(RunBehavior runBehavior, SqlCommand cmdHandler, SqlDataReader dataStream, BulkCopySimpleResultSet bulkCopyHandler, TdsParserStateObject stateObj, Boolean& dataReady)
   at System.Data.SqlClient.SqlDataReader.TryConsumeMetaData()
   at System.Data.SqlClient.SqlDataReader.get_MetaData()
   at System.Data.SqlClient.SqlCommand.FinishExecuteReader(SqlDataReader ds, RunBehavior runBehavior, String resetOptionsString)
   at System.Data.SqlClient.SqlCommand.RunExecuteReaderTds(CommandBehavior cmdBehavior, RunBehavior runBehavior, Boolean returnStream, Boolean async, Int32 timeout, Task& task, Boolean asyncWrite, SqlDataReader ds)
   at System.Data.SqlClient.SqlCommand.ExecuteReader(CommandBehavior behavior)
   at PetaPoco.NetCore.Database.<Query>d__63`1.MoveNext()
   at System.Collections.Generic.List`1..ctor(IEnumerable`1 collection)
   at System.Linq.Enumerable.ToList[TSource](IEnumerable`1 source)
   at CGT.PetaPoco.Repositories.CgtTravel.TravelBillRep.GetTravelBillListDownload(String PayCenterCode, Int32 Status, String BillType, Nullable`1 StartDate, Nullable`1 EndDate) in C:\code\cgt_api\CGT.ApiCode\CGT.PetaPoco.Repositories\CgtTravel\TravelBillRep.cs:line 181
   at CGT.Api.Service.Boss.TravelBill.GetTravelBillDownloadService.ExecuteMethod() in C:\code\cgt_api\CGT.ApiCode\CGT.Api.Service\Boss\TravelBill\GetTravelBillDownloadService.cs:line 43 
                        
LoggerDateTime:2017/6/22 16:16:49  
ID:[ThreadID:28] 
Message:Error:'B' 附近有语法错误。
关键字 'with' 附近有语法错误。如果此语句是公用表表达式、xmlnamespaces 子句或者更改跟踪上下文子句，那么前一个语句必须以分号结尾。
关键字 'with' 附近有语法错误。如果此语句是公用表表达式、xmlnamespaces 子句或者更改跟踪上下文子句，那么前一个语句必须以分号结尾。
关键字 'AND' 附近有语法错误。|   at System.Data.SqlClient.SqlConnection.OnError(SqlException exception, Boolean breakConnection, Action`1 wrapCloseInAction)
   at System.Data.SqlClient.TdsParser.ThrowExceptionAndWarning(TdsParserStateObject stateObj, Boolean callerHasConnectionLock, Boolean asyncClose)
   at System.Data.SqlClient.TdsParser.TryRun(RunBehavior runBehavior, SqlCommand cmdHandler, SqlDataReader dataStream, BulkCopySimpleResultSet bulkCopyHandler, TdsParserStateObject stateObj, Boolean& dataReady)
   at System.Data.SqlClient.SqlDataReader.TryConsumeMetaData()
   at System.Data.SqlClient.SqlDataReader.get_MetaData()
   at System.Data.SqlClient.SqlCommand.FinishExecuteReader(SqlDataReader ds, RunBehavior runBehavior, String resetOptionsString)
   at System.Data.SqlClient.SqlCommand.RunExecuteReaderTds(CommandBehavior cmdBehavior, RunBehavior runBehavior, Boolean returnStream, Boolean async, Int32 timeout, Task& task, Boolean asyncWrite, SqlDataReader ds)
   at System.Data.SqlClient.SqlCommand.ExecuteReader(CommandBehavior behavior)
   at PetaPoco.NetCore.Database.<Query>d__63`1.MoveNext()
   at System.Collections.Generic.List`1..ctor(IEnumerable`1 collection)
   at System.Linq.Enumerable.ToList[TSource](IEnumerable`1 source)
   at CGT.PetaPoco.Repositories.CgtTravel.TravelBillRep.GetTravelBillListDownload(String PayCenterCode, Int32 Status, String BillType, Nullable`1 StartDate, Nullable`1 EndDate) in C:\code\cgt_api\CGT.ApiCode\CGT.PetaPoco.Repositories\CgtTravel\TravelBillRep.cs:line 181
   at CGT.Api.Service.Boss.TravelBill.GetTravelBillDownloadService.ExecuteMethod() in C:\code\cgt_api\CGT.ApiCode\CGT.Api.Service\Boss\TravelBill\GetTravelBillDownloadService.cs:line 43 
                        
LoggerDateTime:2017/6/22 16:17:20  
ID:[ThreadID:27] 
Message:Error:'B' 附近有语法错误。
关键字 'with' 附近有语法错误。如果此语句是公用表表达式、xmlnamespaces 子句或者更改跟踪上下文子句，那么前一个语句必须以分号结尾。
关键字 'with' 附近有语法错误。如果此语句是公用表表达式、xmlnamespaces 子句或者更改跟踪上下文子句，那么前一个语句必须以分号结尾。
关键字 'AND' 附近有语法错误。|   at System.Data.SqlClient.SqlConnection.OnError(SqlException exception, Boolean breakConnection, Action`1 wrapCloseInAction)
   at System.Data.SqlClient.TdsParser.ThrowExceptionAndWarning(TdsParserStateObject stateObj, Boolean callerHasConnectionLock, Boolean asyncClose)
   at System.Data.SqlClient.TdsParser.TryRun(RunBehavior runBehavior, SqlCommand cmdHandler, SqlDataReader dataStream, BulkCopySimpleResultSet bulkCopyHandler, TdsParserStateObject stateObj, Boolean& dataReady)
   at System.Data.SqlClient.SqlDataReader.TryConsumeMetaData()
   at System.Data.SqlClient.SqlDataReader.get_MetaData()
   at System.Data.SqlClient.SqlCommand.FinishExecuteReader(SqlDataReader ds, RunBehavior runBehavior, String resetOptionsString)
   at System.Data.SqlClient.SqlCommand.RunExecuteReaderTds(CommandBehavior cmdBehavior, RunBehavior runBehavior, Boolean returnStream, Boolean async, Int32 timeout, Task& task, Boolean asyncWrite, SqlDataReader ds)
   at System.Data.SqlClient.SqlCommand.ExecuteReader(CommandBehavior behavior)
   at PetaPoco.NetCore.Database.<Query>d__63`1.MoveNext()
   at System.Collections.Generic.List`1..ctor(IEnumerable`1 collection)
   at System.Linq.Enumerable.ToList[TSource](IEnumerable`1 source)
   at CGT.PetaPoco.Repositories.CgtTravel.TravelBillRep.GetTravelBillListDownload(String PayCenterCode, Int32 Status, String BillType, Nullable`1 StartDate, Nullable`1 EndDate) in C:\code\cgt_api\CGT.ApiCode\CGT.PetaPoco.Repositories\CgtTravel\TravelBillRep.cs:line 181
   at CGT.Api.Service.Boss.TravelBill.GetTravelBillDownloadService.ExecuteMethod() in C:\code\cgt_api\CGT.ApiCode\CGT.Api.Service\Boss\TravelBill\GetTravelBillDownloadService.cs:line 43 
                        
LoggerDateTime:2017/6/22 16:17:52  
ID:[ThreadID:26] 
Message:Error:'B' 附近有语法错误。
关键字 'with' 附近有语法错误。如果此语句是公用表表达式、xmlnamespaces 子句或者更改跟踪上下文子句，那么前一个语句必须以分号结尾。
关键字 'with' 附近有语法错误。如果此语句是公用表表达式、xmlnamespaces 子句或者更改跟踪上下文子句，那么前一个语句必须以分号结尾。
关键字 'AND' 附近有语法错误。|   at System.Data.SqlClient.SqlConnection.OnError(SqlException exception, Boolean breakConnection, Action`1 wrapCloseInAction)
   at System.Data.SqlClient.TdsParser.ThrowExceptionAndWarning(TdsParserStateObject stateObj, Boolean callerHasConnectionLock, Boolean asyncClose)
   at System.Data.SqlClient.TdsParser.TryRun(RunBehavior runBehavior, SqlCommand cmdHandler, SqlDataReader dataStream, BulkCopySimpleResultSet bulkCopyHandler, TdsParserStateObject stateObj, Boolean& dataReady)
   at System.Data.SqlClient.SqlDataReader.TryConsumeMetaData()
   at System.Data.SqlClient.SqlDataReader.get_MetaData()
   at System.Data.SqlClient.SqlCommand.FinishExecuteReader(SqlDataReader ds, RunBehavior runBehavior, String resetOptionsString)
   at System.Data.SqlClient.SqlCommand.RunExecuteReaderTds(CommandBehavior cmdBehavior, RunBehavior runBehavior, Boolean returnStream, Boolean async, Int32 timeout, Task& task, Boolean asyncWrite, SqlDataReader ds)
   at System.Data.SqlClient.SqlCommand.ExecuteReader(CommandBehavior behavior)
   at PetaPoco.NetCore.Database.<Query>d__63`1.MoveNext()
   at System.Collections.Generic.List`1..ctor(IEnumerable`1 collection)
   at System.Linq.Enumerable.ToList[TSource](IEnumerable`1 source)
   at CGT.PetaPoco.Repositories.CgtTravel.TravelBillRep.GetTravelBillListDownload(String PayCenterCode, Int32 Status, String BillType, Nullable`1 StartDate, Nullable`1 EndDate) in C:\code\cgt_api\CGT.ApiCode\CGT.PetaPoco.Repositories\CgtTravel\TravelBillRep.cs:line 181
   at CGT.Api.Service.Boss.TravelBill.GetTravelBillDownloadService.ExecuteMethod() in C:\code\cgt_api\CGT.ApiCode\CGT.Api.Service\Boss\TravelBill\GetTravelBillDownloadService.cs:line 43 
                        
LoggerDateTime:2017/6/22 16:22:08  
ID:[ThreadID:28] 
Message:Error:'B' 附近有语法错误。
关键字 'with' 附近有语法错误。如果此语句是公用表表达式、xmlnamespaces 子句或者更改跟踪上下文子句，那么前一个语句必须以分号结尾。
关键字 'with' 附近有语法错误。如果此语句是公用表表达式、xmlnamespaces 子句或者更改跟踪上下文子句，那么前一个语句必须以分号结尾。
关键字 'AND' 附近有语法错误。|   at System.Data.SqlClient.SqlConnection.OnError(SqlException exception, Boolean breakConnection, Action`1 wrapCloseInAction)
   at System.Data.SqlClient.TdsParser.ThrowExceptionAndWarning(TdsParserStateObject stateObj, Boolean callerHasConnectionLock, Boolean asyncClose)
   at System.Data.SqlClient.TdsParser.TryRun(RunBehavior runBehavior, SqlCommand cmdHandler, SqlDataReader dataStream, BulkCopySimpleResultSet bulkCopyHandler, TdsParserStateObject stateObj, Boolean& dataReady)
   at System.Data.SqlClient.SqlDataReader.TryConsumeMetaData()
   at System.Data.SqlClient.SqlDataReader.get_MetaData()
   at System.Data.SqlClient.SqlCommand.FinishExecuteReader(SqlDataReader ds, RunBehavior runBehavior, String resetOptionsString)
   at System.Data.SqlClient.SqlCommand.RunExecuteReaderTds(CommandBehavior cmdBehavior, RunBehavior runBehavior, Boolean returnStream, Boolean async, Int32 timeout, Task& task, Boolean asyncWrite, SqlDataReader ds)
   at System.Data.SqlClient.SqlCommand.ExecuteReader(CommandBehavior behavior)
   at PetaPoco.NetCore.Database.<Query>d__63`1.MoveNext()
   at System.Collections.Generic.List`1..ctor(IEnumerable`1 collection)
   at System.Linq.Enumerable.ToList[TSource](IEnumerable`1 source)
   at CGT.PetaPoco.Repositories.CgtTravel.TravelBillRep.GetTravelBillListDownload(String PayCenterCode, Int32 Status, String BillType, Nullable`1 StartDate, Nullable`1 EndDate) in C:\code\cgt_api\CGT.ApiCode\CGT.PetaPoco.Repositories\CgtTravel\TravelBillRep.cs:line 181
   at CGT.Api.Service.Boss.TravelBill.GetTravelBillDownloadService.ExecuteMethod() in C:\code\cgt_api\CGT.ApiCode\CGT.Api.Service\Boss\TravelBill\GetTravelBillDownloadService.cs:line 43 
                        
