LoggerDateTime:2017/7/3 13:30:21   
ID:[ThreadID:11] 
Message:Debug:Model:{"GuidKey":"ff8cb0ac-8c4c-453a-9715-3d86af614acd","MerchantId":"CS01","Data":"7EeTdd2vbrUI0roDP3ZV9nIlSI9Yf94PqxlK1qXqetM7NyqXdAu5Vsuxaus70iWMNsKS30KssTYaoBs6LuJzHtQHbN/sFAmkIYbDBSKfHCCBtoPG5KFtB9ddVLKCtdSa8Au/Bf+dukSD222twiYiEcQIL43nXLN2tMEsOiMaBo//BpEuXIieeRfnLL1kdbIum3GoDfznXtXuyfko/woZwVOc9zcuZRGmIOac/vwxkwVYZ4j1zT0PmBmo8mJmyGA+pOb31dE7lNX5ZsridPu2gnmcaL8fZZRWkYdAd86JVgxhPH8v6BQdy9Ev3cHPGuqFuirRryMvsaDicg4p+JBZSsoLlk1f9gOW+TKV+DQVz2kGK9yD8Loqjb+fJHIBZBEoHHee9nPF+M0FBj0VCsAop22qWs3g82eVjMBiBqurD7Y=","EncryptKey":"GJ+NRVWmp2g/aMUL/R6W7/9IWaUBDdYA4Gt3K5gOElKaJjaQMtaC0kQyWEI2/tGhOhkIfOHelIu89hfeO4xV+csrIPeKE21xnpqzBqHTEHNTtgUrjVKiEOUIqbw4PZZiWsnmPwbbnxYCuUpr2fSpFN2CSgZGlyBl5GPQfMuCp2LkrDuyQ/KboARJGoLPqYXbWztxoAVvFor/KP1mOzKHAyTibmrFMffNaBJNYIe02yldzMkqkB06RlHfqfYBEXC0Qub4QOG4oyEabLrtWMQ8/A70bR71U3qh3F3y6a+/ALlvZpA/i0cJxGLQMYOWU8zYEy8ZJ+dMvdChUnCBhwnj+A=="}
Parameter:{"PayCenterName":null,"PayCenterCode":"CS0180210","EnterpriseId":null,"EnterpriseName":null,"MerchantType":0,"StartBillDate":"2017-07-01T05:30:18.568Z","EndBillDate":"2017-07-30T16:00:00Z","Status":-1,"BillType":"0","PageIndex":1,"PageSize":1,"TimesTamp":"1499088618569","Mac":"00-15-5D-7E-36-5B","Ip":"167.0.12.31","Sign":"CCDBED14DEB5078EDC2D48999FBC060B","Version":"1.0.0","Token":null,"IsValid":true}
Exception:ExecuteScalar requires an open and available Connection. The connection's current state is connecting.|   at CGT.Api.Service.Boss.TravelBill.GetTravelBillService.ExecuteMethod() in C:\code\cgt_api\CGT.ApiCode\CGT.Api.Service\Boss\TravelBill\GetTravelBillService.cs:line 47
   at CGT.Api.Service.ApiBase`1.Execute() in C:\code\cgt_api\CGT.ApiCode\CGT.Api.Service\ApiBase.cs:line 137 
                        
LoggerDateTime:2017/7/3 15:29:42   
ID:[ThreadID:22] 
Message:Debug:Model:{"GuidKey":"aeedd664-33a4-4337-847b-688bbb397cb3","MerchantId":"CS01","Data":"TbQEcgYHL0Id4JZrGZNAjPoT4jHMu5ujL0AbrkP2OCvK3PqVSIxuwAwIBY4fYjKgeTDehgcyYr/PZG/xSJB7MFX6gTwRzv3/PBqb/8HUyKKgAgx9XVMasUMpm765PiEj3i3lpqHmBtrCWLLB37mIuBfVq1zyiqCNI8uqI60GHNPTQjcyAd88nUsQwy56gpgBmFQquIkhnwzmC7qK6r0z0uCXh6XfxJYknq1JHINqHtG8BYThfpWxd4CC0/5ttll1cGjlb2ygr/H3aWpcazIdYu2RFST3kZAG3q7yQPX1XhsgJw0vMFfba1nMVQiGGttcSRYQxwpnp7YOjaGqkQugIu4YU9gdGFgu4yEc748leLNowYwLONyImlk3qiMkzgrPY0y8kc2ij8U4zXMqGj4PUx4RQFuayFWgDiMLemE98EA=","EncryptKey":"IIJQkxt72dFPNw1O6rGy/K80iPBY6+6mHvfs1p/pq9a027BdSF5qA9270azfLovzkjh8cKXSxg7t6sQfD1A92XJxDvg0R4oxMFjCOe5JSI+4o9A22kj1lLiid/KMZu13FI/P1/5mhmoAAZjAEWySic8HE9wUUvVsk2CEEJaK/fVtv5ZRn4wFQ2df6d0Zl4MiEEIcYF0wj9nepLof83YlB6OchBhBjE9vGEoxYxt0gUlLGBC7cCD5fNk+Vb1paoMUDQA2CDYJM/fJGoq6yUOB6oO+kmEN54/ugssh4vTeLIxtHce/4a0AMZMfupIBb4CZ2k7XKm8o291qEXg1fuZ63g=="}
Parameter:{"PayCenterName":null,"PayCenterCode":"CSSX41080209","EnterpriseId":null,"EnterpriseName":null,"MerchantType":0,"StartBillDate":"1990-01-31T16:00:00Z","EndBillDate":"2017-07-30T16:00:00Z","Status":0,"BillType":"2","PageIndex":1,"PageSize":1,"TimesTamp":"1499095779961","Mac":"00-15-5D-7E-36-5B","Ip":"167.0.12.31","Sign":"E13C9F6B23207A317D8A66453D3B86F7","Version":"1.0.0","Token":null,"IsValid":true}
Exception:ExecuteScalar requires an open and available Connection. The connection's current state is connecting.|   at CGT.Api.Service.Boss.TravelBill.GetTravelBillService.ExecuteMethod() in C:\code\cgt_api\CGT.ApiCode\CGT.Api.Service\Boss\TravelBill\GetTravelBillService.cs:line 47
   at CGT.Api.Service.ApiBase`1.Execute() in C:\code\cgt_api\CGT.ApiCode\CGT.Api.Service\ApiBase.cs:line 137 
                        
LoggerDateTime:2017/7/3 15:29:42   
ID:[ThreadID:21] 
Message:Debug:Model:{"GuidKey":"8800aa1b-cb1e-46e0-83f6-455d2c74698e","MerchantId":"CS01","Data":"YUn/WXzDNc26vvMF86l5M0qZz9UKz7PFut5GTAOm8WR43MgsfEZIBmoxhpMmw6LaMG3Jxvjnb2RPES2JKvz8ltk8P2omm5Q1ChCIyRGWuZixJyhWe4SKL4IBmD2lblqv4xusyq6jjoFWiezf8738iK4i7aH+WRqIfiv/JGSm2Gq6aHUkTcRrkfvJveJ8uAx2fF5A86G8OYZpFSaXjnJdHbW3U3kcUZ9hDvOOx9r6OsWr20J7+FCGIaeMHSXa0/8yKWbeIcRtVaVVroXE1oewgVuKwFFhJZaolOYw8k23SJj9686g8h1i81aXFUBPsnWleTi13Fe0kGtD2dM/Al6CeQ2BBOTRGgPVOsvypqBLbVByUEqKzb8KgEF4q0SQHmUGzmo3KuYXikm114xiV6kZeoTxIiU2eK5jn49QZiOlxO8=","EncryptKey":"cHno86XK7e1r/qocqM6wDshTbFbX+SHkMDeyZhvSjZCYy9kpbn8DWRGpdsyz0Hv6MC4OpXq02xfBsJS45LyBszczeq7jzgFwrZRBtQMwQboIATHmLN4PVzl2a1vWX0Z8NrDrJuh3Q8+vqmmoFT3toVj5Et15Df2ww1nd5Yh9OBz9nki868iueyMusFKLqC9Qwda6MsQMJS3TtYinFkU+DEKf4vcBmom59gUEpfxqw3eU6201sicVq3YIiwn51Bd3W5vqjEwUpoO4fBL2+Onq9l3ta2yd7hMh5GmtO071w95MD5c2I8s3xC4rM696dNCAFCm30vtaH8EXrWz5du4ijg=="}
Parameter:{"PayCenterName":null,"PayCenterCode":"CSSX41080209","EnterpriseId":null,"EnterpriseName":null,"MerchantType":0,"StartBillDate":"2017-06-30T16:00:01.939Z","EndBillDate":"2017-07-30T16:00:00Z","Status":-1,"BillType":"0","PageIndex":1,"PageSize":1,"TimesTamp":"1499095779939","Mac":"00-15-5D-7E-36-5B","Ip":"167.0.12.31","Sign":"5140F55C8D5175404D7B72ECFCFE4A7D","Version":"1.0.0","Token":null,"IsValid":true}
Exception:ExecuteScalar requires an open and available Connection. The connection's current state is connecting.|   at CGT.Api.Service.Boss.TravelBill.GetTravelBillService.ExecuteMethod() in C:\code\cgt_api\CGT.ApiCode\CGT.Api.Service\Boss\TravelBill\GetTravelBillService.cs:line 47
   at CGT.Api.Service.ApiBase`1.Execute() in C:\code\cgt_api\CGT.ApiCode\CGT.Api.Service\ApiBase.cs:line 137 
                        
LoggerDateTime:2017/7/3 15:29:42   
ID:[ThreadID:20] 
Message:Debug:Model:{"GuidKey":"ec9b2e8a-4076-4e08-b08d-429905ff0b8f","MerchantId":"CS01","Data":"TCjoo+2X7gRmVDUhAUUC5aI+MikFQyZ+KSHUhJgwnzM8uzD9sLr0bsRKdrAm8NpSLGC5SjNhkmM2e1g5JYu9dp6wkGpIW29NVnrJkWIZ9zu6CChBjFZL7PNozQRij0JhnDZ/gGw5Ltpld92xa8Z5dOyFgD4w0ZmB0hYBan+ovSvVgnVwXLCltX8myPd7RFz+gfKxh8nhaLxuuhy/81pqbjgA/+Sav1Wrb3sQOqCC72qt8tsGgs0/qcLMjtAxRrYS","EncryptKey":"GEVg/IPn6/aaQEjiMDFixtNZp6R/90+X0rVpjj7g3osSlGFUdfsYc2JEGpV+QVxjJPyyy5+ks2rFehc54KlP71jbrpFui3I7eoob3ijkbdsUjjiCmnGp0IbNU38gnaFMtvKFSzfrGAx5x+zhzAHFjDSzR5JA8h7ez8tRes0TDZ1KbLxoMMaQ1Zb1aBJIEjUFd5utNKzw/g2GhBJrAcn55tT3Qn9tpufo0Qnx1UKKjtRLJN8RcPwkHmEDEl/FPj/Y3ANGFKpJbxW0zuj96UV2YAOMZ7sxREf3rwpVUoierm3j0qIH91bjYYWoMl0b9crLhHf9h62RfZnFSnOoGh2KXA=="}
Parameter:{"Pageindex":0,"Pagesize":0,"EndDate":null,"StartDate":null,"MonthStatue":null,"EnterpriseWhiteListID":null,"EnterpriseStatue":null,"PayCenterCode":"CSSX41080209","MerchantNo":null,"IsPage":"1","TimesTamp":"1499095779905","Mac":"00-15-5D-7E-36-5B","Ip":"167.0.12.31","Sign":"9E1F41FD55DFC1332A0D0A791B6D977D","Version":"1.0.0","Token":null,"IsValid":true}
Exception:ExecuteReader requires an open and available Connection. The connection's current state is connecting.|   at System.Data.SqlClient.SqlConnection.GetOpenTdsConnection(String method)
   at System.Data.SqlClient.SqlConnection.ValidateConnectionForExecute(String method, SqlCommand command)
   at System.Data.SqlClient.SqlCommand.ValidateCommand(Boolean async, String method)
   at System.Data.SqlClient.SqlCommand.RunExecuteReader(CommandBehavior cmdBehavior, RunBehavior runBehavior, Boolean returnStream, TaskCompletionSource`1 completion, Int32 timeout, Task& task, Boolean asyncWrite, String method)
   at System.Data.SqlClient.SqlCommand.ExecuteReader(CommandBehavior behavior)
   at PetaPoco.NetCore.Database.<Query>d__63`1.MoveNext()
   at System.Collections.Generic.List`1..ctor(IEnumerable`1 collection)
   at System.Linq.Enumerable.ToList[TSource](IEnumerable`1 source)
   at PetaPoco.NetCore.Database.Fetch[T](String sql, Object[] args)
   at CGT.PetaPoco.Repositories.CgtTravel.EnterpriseWhiteRep.GetEnterpriseWhiteAndBackMoneyList(EnterpriseWhiteList model) in C:\code\cgt_api\CGT.ApiCode\CGT.PetaPoco.Repositories\CgtTravel\EnterpriseWhiteRep.cs:line 131
   at CGT.Api.Service.Boss.Enterprise.EnterpriseMonthlyLimitService.ExecuteMethod() in C:\code\cgt_api\CGT.ApiCode\CGT.Api.Service\Boss\Enterprise\EnterpriseMonthlyLimitService.cs:line 45
   at CGT.Api.Service.ApiBase`1.Execute() in C:\code\cgt_api\CGT.ApiCode\CGT.Api.Service\ApiBase.cs:line 137 
                        
LoggerDateTime:2017/7/3 15:38:51   
ID:[ThreadID:11] 
Message:Debug:Model:{"GuidKey":"c3d369fc-f21c-4f0f-95ae-0d94243ded39","MerchantId":"CS01","Data":"tESIHHG2UjYMu07YEM4fJlQR/iq2ijrimy33X3MuykA3wm8kYunlLzrkg0Lo/KF1gKLJ3+5cBrLc237RFPTLM6oy+1yvSYUDhpHKvjVNLLwxvqd3iHSXVH5oibfcIkKYWZCfEtKjFZ6fUH7bw2B7J5NWEayDCuR8Glc0cNNNLTs/9kMTg64OBQOy4y6M1ZKbB0aOZBhz18hAW1DwktT6pWAMuhGVwaJpmWtdKSc38biLevyCphl/WDSfLhOXliGe0qF3iNz3FZ0UYuMiictLtA1zFhIwnUes0P/6tbXIz5EYdi44hZDMfVPIBdX2qT+vdSBkLFdOt22r8IVRJz/xwJjku99uUReCK494uqhGIJQuxIChhJkHONe2gh0Kppq4dElhxkiD4cPlF4o39L4ymVugzbcFWs+sPrHUptMJL9g=","EncryptKey":"IboWfOVcfw+gVyTvMuw+AzdWR+kJmGIbgI0Kkr9jiyTsnsWBehXD2iAP1CtOrugKvtE/H+GEq9rvLTKUmfA37yeae/6Hh7Fmly4nUynV8Yr1J7+gLyHMfHfQGC18mGSPdyQQIt4kyET1F3WWEJfvRLGu0POsZATTrPhpw1MnPIxw90pzpvLsMGYYfadD5cY5ic6CefrACe/cGTmM/yLKrhiyz6dm9IR1E0IGpJf6xF1+1TpdudM5boYY+4ASSaL+o0Nr0LQc8JLVszf6elQWxb+TsM5DT7ZOAMkn0GmpdevO1TjFhr+u9ojVjaA6HR+GzfCU1YfnoJV3Iqat4yXhSQ=="}
Parameter:{"PayCenterName":null,"PayCenterCode":"CSSX41080209","EnterpriseId":null,"EnterpriseName":null,"MerchantType":0,"StartBillDate":"2017-06-30T16:00:01.382Z","EndBillDate":"2017-07-30T16:00:00Z","Status":-1,"BillType":"0","PageIndex":1,"PageSize":1,"TimesTamp":"1499096329382","Mac":"00-15-5D-7E-36-5B","Ip":"167.0.12.31","Sign":"CBEFBEDC0D4435EDB9E044CAE3E61E7E","Version":"1.0.0","Token":null,"IsValid":true}
Exception:ExecuteScalar requires an open and available Connection. The connection's current state is connecting.|   at CGT.Api.Service.Boss.TravelBill.GetTravelBillService.ExecuteMethod() in C:\code\cgt_api\CGT.ApiCode\CGT.Api.Service\Boss\TravelBill\GetTravelBillService.cs:line 47
   at CGT.Api.Service.ApiBase`1.Execute() in C:\code\cgt_api\CGT.ApiCode\CGT.Api.Service\ApiBase.cs:line 137 
                        
LoggerDateTime:2017/7/3 15:38:51   
ID:[ThreadID:12] 
Message:Debug:Model:{"GuidKey":"61b92432-eb93-4dbb-b742-ba595d2d6669","MerchantId":"CS01","Data":"xISsP48AOnc375Y8vni8sfgHOeHhZ7SpJeNyemLMRLaVJddQcLiOjbcXYTEKcawpKk9AxdXvMOViqvkienJc9j9oMTVGdRElMDMwynFjyFcpNkDW2KoYt+1sh064jgSokU3OsYOvBYdthpCAqrmY6WtdQ8U0o5kv4V+iZvq2qjXjFZQSrol3rC7HcMFcyH4vu3aCgcnkC8UcnQ5OfW0N1foZpCZMbFNDSudEhodVd+GVj5jAkFRn82zTbDAKLxEv","EncryptKey":"Hz3sCU7EFsjf4Dkb5QPU+rF8PVujjk4Eprz7GOwnQIp3UWpH7HiwJB8ZWECfnMBGt1F5I0UzNsp26HKImD2Kw4osE4/F37n5IMjITsDrD4T+jHEYIEsGE68E4R5aCnPcYZ1WEnC4Ijf7HJ8phNyrvsty080c1jLT3qBqQsVU/jqaxytcZFbPwcI9bJWAJldSYUtrY5m+spfdmibpBJPq0QMaDBYUoDRZ+Xlq6LN1Yv/Z8p/gyWOjwI9TjPvDV+xCbNWEZFnyeVvQe/akpr8ZFLtIsBWe8pAwJq1zza3QYpzEf4SeRnREcMx3BQXJAp1XI5WYYeXtQhl9jJyLrQgBjA=="}
Parameter:{"Pageindex":0,"Pagesize":0,"EndDate":null,"StartDate":null,"MonthStatue":null,"EnterpriseWhiteListID":null,"EnterpriseStatue":null,"PayCenterCode":"CSSX41080209","MerchantNo":null,"IsPage":"1","TimesTamp":"1499096329371","Mac":"00-15-5D-7E-36-5B","Ip":"167.0.12.31","Sign":"27159989D2648B417BA1F258C66FF1F3","Version":"1.0.0","Token":null,"IsValid":true}
Exception:ExecuteReader requires an open and available Connection. The connection's current state is connecting.|   at System.Data.SqlClient.SqlConnection.GetOpenTdsConnection(String method)
   at System.Data.SqlClient.SqlConnection.ValidateConnectionForExecute(String method, SqlCommand command)
   at System.Data.SqlClient.SqlCommand.ValidateCommand(Boolean async, String method)
   at System.Data.SqlClient.SqlCommand.RunExecuteReader(CommandBehavior cmdBehavior, RunBehavior runBehavior, Boolean returnStream, TaskCompletionSource`1 completion, Int32 timeout, Task& task, Boolean asyncWrite, String method)
   at System.Data.SqlClient.SqlCommand.ExecuteReader(CommandBehavior behavior)
   at PetaPoco.NetCore.Database.<Query>d__63`1.MoveNext()
   at System.Collections.Generic.List`1..ctor(IEnumerable`1 collection)
   at System.Linq.Enumerable.ToList[TSource](IEnumerable`1 source)
   at PetaPoco.NetCore.Database.Fetch[T](String sql, Object[] args)
   at CGT.PetaPoco.Repositories.CgtTravel.EnterpriseWhiteRep.GetEnterpriseWhiteAndBackMoneyList(EnterpriseWhiteList model) in C:\code\cgt_api\CGT.ApiCode\CGT.PetaPoco.Repositories\CgtTravel\EnterpriseWhiteRep.cs:line 131
   at CGT.Api.Service.Boss.Enterprise.EnterpriseMonthlyLimitService.ExecuteMethod() in C:\code\cgt_api\CGT.ApiCode\CGT.Api.Service\Boss\Enterprise\EnterpriseMonthlyLimitService.cs:line 45
   at CGT.Api.Service.ApiBase`1.Execute() in C:\code\cgt_api\CGT.ApiCode\CGT.Api.Service\ApiBase.cs:line 137 
                        
LoggerDateTime:2017/7/3 15:38:51   
ID:[ThreadID:6]  
Message:Debug:Model:{"GuidKey":"690b4310-4ac6-4fba-888b-019bb9fde9eb","MerchantId":"CS01","Data":"S7ckWW4syepmYz/RnIHm77T1i4SagM3pNc2kV9Q92qMPE7VNo8vGSb39yBB/GbcIE0nSZU08m4PsDXMfvf/5z6Vok7DK4yueGgu3ag1FEh/ZSBP/EevJc7LnVwvfjSmRBcxPN9qIQOiflJ00dY4P9ffy461nULbRolqHpmkZkhqmd0nLI2keYe+vE5hD43/qWot1IaGtweIm3GHTbChYSR7SUqKkyHbu9z088C5jd0ok7561xJ6jAhjYxKqHQqv5vQGytYmHayvBDXCDgmrIJ3v5cm9VIsecWYeOR2rd6CB/+DJZx5w1lD4571goG9Y3hzkkFzJhBWtNCApOT4HvERq1BtLeOYC+DL0Xi6dZ02QIBV8zXCAAF2z12GZscUxRSk198WMjcS1tGKpPYrZ4qhQqcLy56YRD+edof2ptJLI=","EncryptKey":"Ez1DUQ+B5Vf02XHN4nUO4jFpWqq0m6AsCed1ddL+iswZyXJBNhUAYtS9DJPuE+1BcObFDMY6JOIWnap0WKc/mx4SGL2C0Ndp8CBGLnE/6ZXsKuVpfON5jeg0YiB5EqzjsrSBDGv/l5JmDesMDV/WkJxWAn4+xNmMNNL25sayHYq8RAsS1CqmRGXVGDnqkc8quuILw7aiOibU0xlBtCwSqbvK3LWS4dMtI8KJ5rte7S5Xq6/TZz2RuBRQszVtlvdO0gYA/qE5LZB+uYs+CM/u+bG7NAEApcjlBoVVVjXVDUuF5qEM5oNt8jvcCKVKJCddLT9KaukEOuygpZgo5mz6+Q=="}
Parameter:{"PayCenterName":null,"PayCenterCode":"CSSX41080209","EnterpriseId":null,"EnterpriseName":null,"MerchantType":0,"StartBillDate":"1990-01-31T16:00:00Z","EndBillDate":"2017-07-30T16:00:00Z","Status":0,"BillType":"2","PageIndex":1,"PageSize":1,"TimesTamp":"1499096329396","Mac":"00-15-5D-7E-36-5B","Ip":"167.0.12.31","Sign":"5626B0D23B25B5BE7E6D0F57A8ED0AD7","Version":"1.0.0","Token":null,"IsValid":true}
Exception:ExecuteScalar requires an open and available Connection. The connection's current state is connecting.|   at CGT.Api.Service.Boss.TravelBill.GetTravelBillService.ExecuteMethod() in C:\code\cgt_api\CGT.ApiCode\CGT.Api.Service\Boss\TravelBill\GetTravelBillService.cs:line 47
   at CGT.Api.Service.ApiBase`1.Execute() in C:\code\cgt_api\CGT.ApiCode\CGT.Api.Service\ApiBase.cs:line 137 
                        
