LoggerDateTime:2017/7/3 13:30:20   
ID:[ThreadID:11] 
Message:Error:ExecuteScalar requires an open and available Connection. The connection's current state is connecting.|   at System.Data.SqlClient.SqlConnection.GetOpenTdsConnection(String method)
   at System.Data.SqlClient.SqlConnection.ValidateConnectionForExecute(String method, SqlCommand command)
   at System.Data.SqlClient.SqlCommand.ValidateCommand(Boolean async, String method)
   at System.Data.SqlClient.SqlCommand.RunExecuteReader(CommandBehavior cmdBehavior, RunBehavior runBehavior, Boolean returnStream, TaskCompletionSource`1 completion, Int32 timeout, Task& task, Boolean asyncWrite, String method)
   at System.Data.SqlClient.SqlCommand.ExecuteScalar()
   at PetaPoco.NetCore.Database.ExecuteScalar[T](String sql, Object[] args)
   at PetaPoco.NetCore.Database.Page[T](Int32 page, Int32 itemsPerPage, String sql, Object[] args)
   at CGT.PetaPoco.Repositories.CgtTravel.TravelBillRep.GetTravelBillList(String PayCenterCode, Int32 Status, String BillType, Nullable`1 StartDate, Nullable`1 EndDate, Int32 PageIndex, Int32 PageSize) in C:\code\cgt_api\CGT.ApiCode\CGT.PetaPoco.Repositories\CgtTravel\TravelBillRep.cs:line 95
   at CGT.Api.Service.Boss.TravelBill.GetTravelBillService.ExecuteMethod() in C:\code\cgt_api\CGT.ApiCode\CGT.Api.Service\Boss\TravelBill\GetTravelBillService.cs:line 35 
                        
LoggerDateTime:2017/7/3 15:29:42   
ID:[ThreadID:22] 
Message:Error:ExecuteScalar requires an open and available Connection. The connection's current state is connecting.|   at System.Data.SqlClient.SqlConnection.GetOpenTdsConnection(String method)
   at System.Data.SqlClient.SqlConnection.ValidateConnectionForExecute(String method, SqlCommand command)
   at System.Data.SqlClient.SqlCommand.ValidateCommand(Boolean async, String method)
   at System.Data.SqlClient.SqlCommand.RunExecuteReader(CommandBehavior cmdBehavior, RunBehavior runBehavior, Boolean returnStream, TaskCompletionSource`1 completion, Int32 timeout, Task& task, Boolean asyncWrite, String method)
   at System.Data.SqlClient.SqlCommand.ExecuteScalar()
   at PetaPoco.NetCore.Database.ExecuteScalar[T](String sql, Object[] args)
   at PetaPoco.NetCore.Database.Page[T](Int32 page, Int32 itemsPerPage, String sql, Object[] args)
   at CGT.PetaPoco.Repositories.CgtTravel.TravelBillRep.GetTravelBillList(String PayCenterCode, Int32 Status, String BillType, Nullable`1 StartDate, Nullable`1 EndDate, Int32 PageIndex, Int32 PageSize) in C:\code\cgt_api\CGT.ApiCode\CGT.PetaPoco.Repositories\CgtTravel\TravelBillRep.cs:line 95
   at CGT.Api.Service.Boss.TravelBill.GetTravelBillService.ExecuteMethod() in C:\code\cgt_api\CGT.ApiCode\CGT.Api.Service\Boss\TravelBill\GetTravelBillService.cs:line 35 
                        
LoggerDateTime:2017/7/3 15:29:42   
ID:[ThreadID:21] 
Message:Error:ExecuteScalar requires an open and available Connection. The connection's current state is connecting.|   at System.Data.SqlClient.SqlConnection.GetOpenTdsConnection(String method)
   at System.Data.SqlClient.SqlConnection.ValidateConnectionForExecute(String method, SqlCommand command)
   at System.Data.SqlClient.SqlCommand.ValidateCommand(Boolean async, String method)
   at System.Data.SqlClient.SqlCommand.RunExecuteReader(CommandBehavior cmdBehavior, RunBehavior runBehavior, Boolean returnStream, TaskCompletionSource`1 completion, Int32 timeout, Task& task, Boolean asyncWrite, String method)
   at System.Data.SqlClient.SqlCommand.ExecuteScalar()
   at PetaPoco.NetCore.Database.ExecuteScalar[T](String sql, Object[] args)
   at PetaPoco.NetCore.Database.Page[T](Int32 page, Int32 itemsPerPage, String sql, Object[] args)
   at CGT.PetaPoco.Repositories.CgtTravel.TravelBillRep.GetTravelBillList(String PayCenterCode, Int32 Status, String BillType, Nullable`1 StartDate, Nullable`1 EndDate, Int32 PageIndex, Int32 PageSize) in C:\code\cgt_api\CGT.ApiCode\CGT.PetaPoco.Repositories\CgtTravel\TravelBillRep.cs:line 95
   at CGT.Api.Service.Boss.TravelBill.GetTravelBillService.ExecuteMethod() in C:\code\cgt_api\CGT.ApiCode\CGT.Api.Service\Boss\TravelBill\GetTravelBillService.cs:line 35 
                        
LoggerDateTime:2017/7/3 15:38:51   
ID:[ThreadID:6]  
Message:Error:ExecuteScalar requires an open and available Connection. The connection's current state is connecting.|   at System.Data.SqlClient.SqlConnection.GetOpenTdsConnection(String method)
   at System.Data.SqlClient.SqlConnection.ValidateConnectionForExecute(String method, SqlCommand command)
   at System.Data.SqlClient.SqlCommand.ValidateCommand(Boolean async, String method)
   at System.Data.SqlClient.SqlCommand.RunExecuteReader(CommandBehavior cmdBehavior, RunBehavior runBehavior, Boolean returnStream, TaskCompletionSource`1 completion, Int32 timeout, Task& task, Boolean asyncWrite, String method)
   at System.Data.SqlClient.SqlCommand.ExecuteScalar()
   at PetaPoco.NetCore.Database.ExecuteScalar[T](String sql, Object[] args)
   at PetaPoco.NetCore.Database.Page[T](Int32 page, Int32 itemsPerPage, String sql, Object[] args)
   at CGT.PetaPoco.Repositories.CgtTravel.TravelBillRep.GetTravelBillList(String PayCenterCode, Int32 Status, String BillType, Nullable`1 StartDate, Nullable`1 EndDate, Int32 PageIndex, Int32 PageSize) in C:\code\cgt_api\CGT.ApiCode\CGT.PetaPoco.Repositories\CgtTravel\TravelBillRep.cs:line 95
   at CGT.Api.Service.Boss.TravelBill.GetTravelBillService.ExecuteMethod() in C:\code\cgt_api\CGT.ApiCode\CGT.Api.Service\Boss\TravelBill\GetTravelBillService.cs:line 35 
                        
LoggerDateTime:2017/7/3 15:38:51   
ID:[ThreadID:11] 
Message:Error:ExecuteScalar requires an open and available Connection. The connection's current state is connecting.|   at System.Data.SqlClient.SqlConnection.GetOpenTdsConnection(String method)
   at System.Data.SqlClient.SqlConnection.ValidateConnectionForExecute(String method, SqlCommand command)
   at System.Data.SqlClient.SqlCommand.ValidateCommand(Boolean async, String method)
   at System.Data.SqlClient.SqlCommand.RunExecuteReader(CommandBehavior cmdBehavior, RunBehavior runBehavior, Boolean returnStream, TaskCompletionSource`1 completion, Int32 timeout, Task& task, Boolean asyncWrite, String method)
   at System.Data.SqlClient.SqlCommand.ExecuteScalar()
   at PetaPoco.NetCore.Database.ExecuteScalar[T](String sql, Object[] args)
   at PetaPoco.NetCore.Database.Page[T](Int32 page, Int32 itemsPerPage, String sql, Object[] args)
   at CGT.PetaPoco.Repositories.CgtTravel.TravelBillRep.GetTravelBillList(String PayCenterCode, Int32 Status, String BillType, Nullable`1 StartDate, Nullable`1 EndDate, Int32 PageIndex, Int32 PageSize) in C:\code\cgt_api\CGT.ApiCode\CGT.PetaPoco.Repositories\CgtTravel\TravelBillRep.cs:line 95
   at CGT.Api.Service.Boss.TravelBill.GetTravelBillService.ExecuteMethod() in C:\code\cgt_api\CGT.ApiCode\CGT.Api.Service\Boss\TravelBill\GetTravelBillService.cs:line 35 
                        
