LoggerDateTime:2017/7/5 11:41:07   
ID:[ThreadID:4]  
Message:Debug:lgKeeCwfRF8Z6tz6V2wxdQ9gBtuaPAdefEgpc8uYvTufjc5tQ573AAd2FR/fY2JnYQOS5UQmEOdT4IHsjYdSZvtcKPJuF0XBJcwcp3wBmRtM53uDJGIKOfSQOfwo94EzTwEKvoTwG2Lv1Jw3JyTE2FyowzsojhO9bzzizNRf6gQit531uZlxWqg5+f7A/CW1B6Vk9gxffNk5VPgpZO4+fYKmTd1P7DmZfHjRptr+CjKwUfTAFVW1aBRrzyYTESeGejN9j8XxgkzdaF26fCV21eO7yL832MMKOPPWOdVZjTTQodWuNMQp98JD64cvLmokXxpR+C26LCDyOilmSsXrLQ==|C:\certificate\ceshizhuzhanghu\intfoo30_898_33.pfx|C:\certificate\ceshizhuzhanghu\intfoo30_898_33.cer|C:\certificate\ceshizhuzhanghu\intfoo30_898_33.pfx|指定的网络密码不正确。 
                        
LoggerDateTime:2017/7/5 11:42:43   
ID:[ThreadID:4]  
Message:Debug:M3gfHb32OhQ5NzGpS8HfqEGNs/4GeA3PE8/3ThcDVjzGZHKyD6fczaYwjcJ8BUybiMaJgfhu/49rTwnA8FTRnhB6FMuO71fAgudS/E4kJuBlc8brsctBMloyYNYncRvP/wrN9OpJGIHxPR5VuLygLpqHFudfXN5/2tj1tK18FgnDPgS2Wsv4hCwUMfQt+IQOgny/7sYFF8ABDKHmBzsDjicHv6TUsxNr/j9UsM7N3DWT4F5x+v0jobm4ubWHLVA0Y6Uf9H+GTGEwIsASwhMYPEIxp5wf7TOZv41GRGTim5mmtv3j7ZVSHWfSi+g7Vy5Wn2oD+IiEDDOglZC43rPW7A==|C:\certificate\ceshizhuzhanghu\intfoo30_898_33.pfx|C:\certificate\ceshizhuzhanghu\intfoo30_898_33.cer|C:\certificate\ceshizhuzhanghu\intfoo30_898_33.pfx|指定的网络密码不正确。 
                        
LoggerDateTime:2017/7/5 11:44:10   
ID:[ThreadID:4]  
Message:Debug:ph/nPAvb4zs/6IeMt/muckvZr6FsFQOP3svVXoRCHzkHL4KS1C63piVidLnTFktAQBzdQzjbSpr97f8jJgjp+sCRjY39jZLi9+VJIeo7E4+Ux1rpVrVxyQtSlzWjiokt+STEiLyTRUPndpWFP3pkM6gtgKbKA04JOKgN2FDX+Sv7GBX5+prt0OLSHOqFj+TvHn+Kn8cveW061veQB66UXSWmxhcqaXMuaWiLijBSDpYTsWUzjazfArshAKNMSFBzW+p87TRmLrfsg192Njq0vus9Yu05+CqCRmOdxSXWqJL9jSmJ+CpX6bHONwu1KCOnBHFd6RtPPaRNpNgndR/h|C:\certificate\ceshizhuzhanghu\intfoo30_898_33.pfx|123456|参数错误。 
                        
LoggerDateTime:2017/7/5 11:45:02   
ID:[ThreadID:5]  
Message:Debug:ylWlxZju155EZHYZ7IFo+E6JvRTfZ1f8y68oRADXhLiTzky3GxEnk4BunfMPzVa0N9chymUlfMWic+baM4tyytcpsjW0QqSRWuOmk7oXDE2IXOoLMgokomxCblbE4MDLngEF83Y6aypvoZNQJYN93o56+y8tikr5q/S3g36WE3fzFpnJTG3paqlDv9B/fUsOmA54RrnoGjrTpMTlSHAudfGXOHR4lNKMIR7CMdLt6jzrUP6+7igmUof8rf9+6V5oYeUSjN1ILHit25kRhA3WK0QOmZd4rdK8lngpE9WH5gIp+FnoV0qXO20Oz2b37e3RWtRnwWEQE2BcWk0lwcHA|C:\certificate\ceshizhuzhanghu\intfoo30_898_33.pfx|123456|参数错误。 
                        
LoggerDateTime:2017/7/5 13:34:23   
ID:[ThreadID:21] 
Message:Debug:y7K/iwm3bwWstB/a4BOw2Uk2kVIN8Syd8PUrS13pMtvFL7Y+nNiFfdBKNsSm0HDrDHeyTptRKQdJDhszOo2hVWtVw0kzdAdtLwVrJ/3SXX4pX/p+SAGvdQaHevssSiHCWGpf0KBMPgo9PlDS23jYV217P03kMI1H8x311wD/P4fQXn0l4svnHR1O7ig/dDx1ynryVtq3nW8ponISIBzqE6XSkwwASZ4siWKGL+fLMKV4UocCwfInCXm51nib6lehoXBh4eafCaMh6jQIAcL4NVf+SsubB3u7tRsEbVGFwcCNa8MYg0kjPQp75/ZKPEBFHvtZItcQ5u82rG5FK/ky|C:\certificate\ceshizhuzhanghu\intfoo30_898_33.pfx|123456|参数错误。 
                        
LoggerDateTime:2017/7/5 13:39:12   
ID:[ThreadID:6]  
Message:Debug:CtNVoF/CXI4b5NzUV/jLAINS9pRgX/eJ+xqT5UxfzrpsHmzXC0X+Mk1KjOO0mnKl5iPdJvx7SLScymuuyOZR8sdXRtKJhTkJUByc+Ym4xEKfQ3IMbIuE2Ko3ltWEnJE9WXHcvJXpC0eUbV6h/8nxMT3gk2VL6U8UGrYGRRsMW7ucGfMMyCWciymu7LWYoTNJtLjMFG4zZL/crh2hxNItaDiEDXDrBaaMtCA0DErAUtPG75GMQS/PFBPOeU6b83F8UbHtlLFlhu5WknQ7Cn/JE6hZbWaqGSGxdDoVKvuU1SNX75MVWHY3La2TayksXyvXCMActWXjs9LzlMrxs6YG|C:\certificate\ceshizhuzhanghu\intfoo30_898_33.pfx|123456|参数错误。 
                        
LoggerDateTime:2017/7/5 13:43:25   
ID:[ThreadID:6]  
Message:Debug:d+4Xf04d2qK5SnB8MB1lW0kMmAXz9owEu5vwoCksAWI8/XC3jKOodus057GHnHN4cG4/5k1DxT0V82IqurxJC9j4ViRiV2cgdbplBCO+eGwvKY28yVNWlVFul9B5SA4vkGEi3fUj7tOvT5q0usaZ8axfn91vYtDvKzOFRQwFlEjsLpeJrUiKH+pUkUD++LV8OP6Dx4mm/R2yqzoi6reTVmRVf35ry27aPdGNeIKchSXHF3tmg+KnWB69rM2A3h3scG0XVIDmQDTjTxd5rri4KbdIyuebRQWI+wqN74PN9ZClQrpZkNyQy9t08IQpYMWleLIz/Uy7WIfCkQsFGNU8|C:\certificate\ceshizhuzhanghu\intfoo30_898_33.pfx|123456|参数错误。 
                        
