LoggerDateTime:2017/9/7 9:56:50    
ID:[ThreadID:2]  
Message:Debug:验证票价失败：'9995783618889' 
                        
LoggerDateTime:2017/9/7 9:56:50    
ID:[ThreadID:2]  
Message:Debug:调用王帅核算比率返现,list集合：{"PayCenterCode":"CSSX41080209","PayCenterName":"苏测试分销一","UserFactoringId":1,"FactoringName":"测试保理","FactoringEmail":"fukh@reapal.com","FactoringReapalNo":"100000000001024","InterestRate":0.0003,"UserName":"3224132821@qq.com","BackReapalNo":"100000000001678","FactoringInterestRate":0.0,"AccountPeriod":"60","TravelBatchId":"636402247642107970","EnterpriseID":1089,"EnterpriseName":"新测试企业五","baseRiskModelList":[]} 
                        
LoggerDateTime:2017/9/7 9:58:02    
ID:[ThreadID:2]  
Message:Debug:黑屏接口调用成功：'9995783618889' 
                        
LoggerDateTime:2017/9/7 9:58:02    
ID:[ThreadID:2]  
Message:Debug:黑屏姓名验证成功'9995783618889' 
                        
LoggerDateTime:2017/9/7 9:58:02    
ID:[ThreadID:2]  
Message:Debug:调用王帅核算比率返现,list集合：{"PayCenterCode":"CSSX41080209","PayCenterName":"苏测试分销一","UserFactoringId":1,"FactoringName":"测试保理","FactoringEmail":"fukh@reapal.com","FactoringReapalNo":"100000000001024","InterestRate":0.0003,"UserName":"3224132821@qq.com","BackReapalNo":"100000000001678","FactoringInterestRate":0.0,"AccountPeriod":"60","TravelBatchId":"636402247642107970","EnterpriseID":1089,"EnterpriseName":"新测试企业五","baseRiskModelList":[{"TicketPrice":2.0,"OrderAmount":1.0,"DepartureTime":"2017-08-30T00:00:00","DepartCode":"PEK","ArriveCode":"SHA","FlightNo":"CA1234","Cabin":"Y","PersonName":"朱明","TicketNum":"9995783618889","TicketTime":"2017-08-04T00:00:00","PNR":"QWERTY","EnterpriseID":1089,"EnterpriseName":"新测试企业五","PayCenterCode":"CSSX41080209","PayCenterName":"苏测试分销一","TravelBatchId":"636402247642107970","TravelRiskType":0,"EtermType":1,"WhiteResultState":0,"BlackResultState":1,"UUId":null,"RegisterStatus":0,"CheckStatus":0,"EtermStatus":1,"EtermSuccessRate":0.0,"EtermFailRate":0.0,"WhiteSuccessRate":0.0,"WhiteFailRate":0.0,"FailReason":null}]} 
                        
LoggerDateTime:2017/9/7 10:31:50   
ID:[ThreadID:2]  
Message:Debug:黑屏接口调用成功：'9995783618889' 
                        
LoggerDateTime:2017/9/7 10:32:00   
ID:[ThreadID:2]  
Message:Debug:验证票价失败：'9995783618889' 
                        
LoggerDateTime:2017/9/7 10:32:03   
ID:[ThreadID:2]  
Message:Debug:黑屏姓名验证成功'9995783618889' 
                        
LoggerDateTime:2017/9/7 10:32:05   
ID:[ThreadID:2]  
Message:Debug:调用王帅核算比率返现,list集合：{"PayCenterCode":"CSSX41080209","PayCenterName":"苏测试分销一","UserFactoringId":1,"FactoringName":"测试保理","FactoringEmail":"fukh@reapal.com","FactoringReapalNo":"100000000001024","InterestRate":0.0003,"UserName":"3224132821@qq.com","BackReapalNo":"100000000001678","FactoringInterestRate":0.0,"AccountPeriod":"60","TravelBatchId":"636402247642107970","EnterpriseID":1089,"EnterpriseName":"新测试企业五","baseRiskModelList":[]} 
                        
LoggerDateTime:2017/9/7 10:32:11   
ID:[ThreadID:2]  
Message:Debug:返现报错：没有任何风控数据！ 
                        
