LoggerDateTime:2017/7/11 12:23:48  
ID:[ThreadID:4]  
Message:Debug:Model:{"GuidKey":"41cf70a6-c2c2-4956-81cb-1e33926a9285","MerchantId":"CS01","Data":"jOkJb09CBQ4kS/7CFG7mTEBKjyyG3/I1KpTHDnY3GWUdVjLjy7AHygmIptF9ug78cIJYHGQ5liDUCtwAB4VELgGFS9vN7IJzosE/WhFmGetA5oyumMe7IVsbyNo2FzQ5KBwN5wZJfd/8kH8EU/dlC4pqva49PVg5pq5iEAswmYRCciwLIwMGTl+iXUPz7zy7d/OPTP5S/PpotieVg5MskDJyK+AN91mByYaVFAY78qt7GN4wiUkSwjTR31I0LxiPqKwrZ0twjVjIdQwpDdo4qBkd2ilmeW/V8Rmy2UGdQphvVUxtaDdoiYiZs83h4OENmK521S0ny/LzpHmJv64PXgCWZ4fUUbOZPQvv2OVgk1f7rxSWjK4h0C7RO3BOu7cUOBuYUv63C7uALL/17DhNzsEoZbHQOTSvsg1CsfAtsqU=","EncryptKey":"QL+5BbzxzE349c5EtII86qpCUpNMAKZH3M5wHzSK+D7yYZSPOg6bVBwdW8f/Rl8V72iFT2K20GoVnhs/iOB8Ls+ccXJgHz5TmfOomsBk4MTBvhD5lhrLDtk0JSzDmq8AbHe2GHPUgaJtHfGwHyCXThXElmAPa3fjp4uzomjiXCUq46fy+ZcPSWtC5TP9AKUXuHYj/WwvqyzY2DHelMXsyoCp3MdLyFIwdhn5ngeMZJJWgNeNlr1SLiB3I/Xm32ovjdX6ERDWA8yKZIE9ed7rzs1ffJlZlNUP28N6+amzWRvAeCKsaFxn23I6E3TPqu05dWuWFVHipewf2afJNJxjzQ=="}
Parameter:{"PayCenterName":null,"PayCenterCode":"CS0180210","EnterpriseId":null,"EnterpriseName":null,"MerchantType":0,"StartBillDate":"1990-01-31T16:00:00Z","EndBillDate":"2017-07-30T16:00:00Z","Status":0,"BillType":"2","PageIndex":1,"PageSize":10,"TimesTamp":"1499775825475","Mac":"00-15-5D-7E-36-5B","Ip":"167.0.12.31","Sign":"AFCD2EFFAF553A39216749F98217E3E1","Version":"1.0.0","Token":null,"IsValid":true}
Exception:ExecuteScalar requires an open and available Connection. The connection's current state is connecting.|   at CGT.Api.Service.Boss.TravelBill.GetTravelBillService.ExecuteMethod() in C:\code\cgt_api\CGT.ApiCode\CGT.Api.Service\Boss\TravelBill\GetTravelBillService.cs:line 47
   at CGT.Api.Service.ApiBase`1.Execute() in C:\code\cgt_api\CGT.ApiCode\CGT.Api.Service\ApiBase.cs:line 143 
                        
LoggerDateTime:2017/7/11 17:28:26  
ID:[ThreadID:779]
Message:Debug:Model:{"GuidKey":"60c417dd-ade9-4630-a364-0b47d414d241","MerchantId":"CS01","Data":"S1+SdT5x77RmFBZ8mgeK7sQm53tTO60WvjgtQ/uIDS27hTdBGDbLBiM1dPRjUunP4Op2ZmChhvBDR4lWIPm3sIgXR6SXEUH7NTuU0/YrS7eHwLcIucN2fIS/jejVz2HvgRZzbSQz//gc5DvXjhG58hdvFyg/jkcim1L009O2c7o9qI+kpjvTvywDJBeUYJh5iHfO8oGDBcwwWYUVPp0vy+9paaCwGeZL+Ckf7no4463ulj/9hehh1v0oa8/zCsE4bC7cIZ0SbbeQ6gx/vbkYIItLwOjiaSyPovx+b5Z+LQW9Guw8TNjNYz0r92CI7SJHzjjeTPbm6Z+J4bZ1GR1IUeifIyJ/bdcnaW3bCObH79gbOsdC0S2IFaTtDH6+2fqm82ut9LQI2YnN/iJ9e7nrj9c4wVg3gVL5DGf6+O+s7qg=","EncryptKey":"jn7BawVFzuYBejFFYgNWa5yA+vJWwt5xz7tlVpBMdLxw4uefy2uuJG3sBr4GyEzM2FW67jsGGnAmJB0o10fz5UkAcah6hxZNM9cukytJ0tyeIy+S5XMLxOxknjY6trpW5BgV8LGyD1N+t4g3MTuxm52arRXO/9eYonkx8dmKJZb/Ffy0/ZSSL7hlxOYjWrnOup8OYoxVSDNIdj3VLSpVyWdtBl1qDSIMxGR18dlr3UBzNGe3LI097pbrQpW+x7gQsdojUvmYracrK1oYFhPruWCfMdCnsm3JVM7pXH7Pcm4yp2rhZC7/B2yeZIvDOQY+7Z7w/PviMOMbx2Lfu5JqgQ=="}
Parameter:null
Exception:A transport-level error has occurred when sending the request to the server. (provider: Session Provider, error: 19 - Physical connection is not usable)|   at System.Data.SqlClient.TdsParser.TdsExecuteRPC(_SqlRPC[] rpcArray, Int32 timeout, Boolean inSchema, TdsParserStateObject stateObj, Boolean isCommandProc, Boolean sync, TaskCompletionSource`1 completion, Int32 startRpc, Int32 startParam)
   at System.Data.SqlClient.SqlCommand.RunExecuteReaderTds(CommandBehavior cmdBehavior, RunBehavior runBehavior, Boolean returnStream, Boolean async, Int32 timeout, Task& task, Boolean asyncWrite, SqlDataReader ds)
   at System.Data.SqlClient.SqlCommand.ExecuteReader(CommandBehavior behavior)
   at PetaPoco.NetCore.Database.<Query>d__63`1.MoveNext()
   at System.Linq.Enumerable.SingleOrDefault[TSource](IEnumerable`1 source)
   at PetaPoco.NetCore.Database.SingleOrDefault[T](String sql, Object[] args)
   at CGT.PetaPoco.Repositories.Cgt.InterfaceAccountRep.GetInterfaceAccount(InterfaceAccount model) in C:\code\cgt_api\CGT.ApiCode\CGT.PetaPoco.Repositories\Cgt\InterfaceAccountRep.cs:line 35
   at CGT.Api.Service.ApiBase`1.Validate() in C:\code\cgt_api\CGT.ApiCode\CGT.Api.Service\ApiBase.cs:line 85
   at CGT.Api.Service.Boss.TravelBill.GetTravelBillService.Validate() in C:\code\cgt_api\CGT.ApiCode\CGT.Api.Service\Boss\TravelBill\GetTravelBillService.cs:line 27
   at CGT.Api.Service.ApiBase`1.Execute() in C:\code\cgt_api\CGT.ApiCode\CGT.Api.Service\ApiBase.cs:line 140 
                        
LoggerDateTime:2017/7/11 17:28:26  
ID:[ThreadID:773]
Message:Debug:Model:{"GuidKey":"01c35fa8-7fcc-469a-9396-2e701e9fdfb8","MerchantId":"CS01","Data":"CN2zdRzp2cgs8j/1qli3xUPzFA78ymGk7WRkS7QcmqJH1oN2/YFR08aXPoQxXlRJLheWE+jukLnKaq/54eoNvJT1FWMh0NfGWuZgxnMbwSE3+czhjYz7JU1K7Eizcd1nn5SVloj0PpX8lOafGA5aTsUheVa/BXZMWS2UP6wX0BYhss5VygRomB2kLQMvxWVWJbRsajAdFvM7Dhv1sRSH75lQ8L+ePxomeblr+8gok4u2i4Y2A/veWpdYSXsCxDkoREhfzlvvxiTr4mLuwPTp1X+qSZKV6olN41qmpekvAOX0I9Mm7F9fiZhjEb6UJR1CMEF77gyehLOZqRQgq/olTLnYNlALiHq/TfTjiIlMGXnJu2w8/xgAk//8xOhH6bjXqQrbLzKXk8ud7FMxx7tjKnBYMxUOyWb/K/BXWfk3xAY=","EncryptKey":"Zr5tKWsDi/dD+LdFu3zkjR/nGy2sW38HNwThXI1T6kdYPH6oOiDaiPjeElyfb7Qr71ryt45WrMG52bv2CVpGSmQ+aQMJy22sqrbKqPBazMjctO2wA0z0P5nrySxbcQeft+L73Baq7EsLQjI1HqlkR/Q+fMYfVf0d92QhGvU2kYps+QyRZKYqFSr1f3m5oP454UMVdzvn8p36TJwi3Y2w383BJBYBsbYviriwDoglr/SaT7apXF1p3wt9OICK0+uCSOjAUD5kqbuvUQyt5rTozH+CBL3BSdnOHHc7D/TtkprJHWYsXy20Pyls+wOJbg08cbVIRcNXbiAzyPcj+f1b3Q=="}
Parameter:{"PayCenterName":null,"PayCenterCode":"CS0180210","EnterpriseId":null,"EnterpriseName":null,"MerchantType":0,"StartBillDate":"2017-06-30T16:00:01.327Z","EndBillDate":"2017-07-30T16:00:00Z","Status":-1,"BillType":"0","PageIndex":1,"PageSize":1,"TimesTamp":"1499794106327","Mac":"00-15-5D-7E-36-5B","Ip":"167.0.12.31","Sign":"7A574F3DC8A3E0FCAE8FAC10520618C7","Version":"1.0.0","Token":null,"IsValid":true}
Exception:A transport-level error has occurred when sending the request to the server. (provider: Session Provider, error: 19 - Physical connection is not usable)|   at CGT.Api.Service.Boss.TravelBill.GetTravelBillService.ExecuteMethod() in C:\code\cgt_api\CGT.ApiCode\CGT.Api.Service\Boss\TravelBill\GetTravelBillService.cs:line 47
   at CGT.Api.Service.ApiBase`1.Execute() in C:\code\cgt_api\CGT.ApiCode\CGT.Api.Service\ApiBase.cs:line 143 
                        
