LoggerDateTime:2017/6/20 15:00:56  
ID:[ThreadID:12] 
Message:Debug:Model:{"GuidKey":"5a4e3286-5f53-496a-b0c9-fbe088ab4275","MerchantId":"CS01","Data":"pQA8Fm9SjrohBiq8tklAta88ljSWfur7EDHC+/UDhz5U6QE+k250M6XsKTZkpcSjNHnDqvHL6K3IqNExAO7Ci8r56TOreN/vm35R7ZwvYhf8Q7abuSvi4OPLjKXFxBIhZ1dICgLJlkRlEFwh3phgwq/EWMECrw7dxEU6DOjbhFCJQDA5U/lMFhHWgfq2/wIybE/TI8GMArK7QWDWCtzFmBTy/LL1dCjgXciLUUzVSNYkUR/r42C0JWWmwwtLhoZXfetymlsHkWYAqsuM9OxwrSUeQu0hUJuJnQ3eN1JrE/dp0ZPuZqNm8UXQoOmjNwPdoDGO0hMIOytwsoqeCOxRoMfDP3dm3wkVzQARVcTvMeNhT4k+4o3rLkqw/Q/fVia9gOYb+/1ggrI+1YtzAwvcAvJhsWlefjH4RXG6HrlxMGHWirhb1VwmD8zJi+q12zEc","EncryptKey":"PGmqj+XawCuCDOXYUMScFuehzKH7/o6NIl3uIqq7OVSaR7DuAcxsEcunsaN1NyEhq6WNhXxfjh3sBv0ObGRQbEarOtY23SzZAPf4NiK2zhOAPLWLGgztN17DuAx7tY5zlhYWyMGtrxVMPcGTryeDJeq6fpyhSP7aRnJO+ymcHzD7zqrtSNswFaVeRr2Bkr4I4SSmLuCqFGA+OfPLUCn5TwTX5QxPeClDowt54YXIBvbMFe80NH9ow+rK/inUgbBCxQTBRPJIRRqYoJntRl+CURIw4o8hpV3JzL3sgLnsq+FUq571hV2SLixmuCmj+VMcfHvgRKm9f4hluQR61pA5tg=="}
Parameter:{"PayCenterName":null,"PayCenterCode":null,"EnterpriseId":null,"EnterpriseName":null,"MerchantType":0,"StartBillDate":null,"EndBillDate":null,"Status":-1,"BillType":null,"PageIndex":1,"PageSize":10,"TimesTamp":"1497970856459","Mac":"00-15-5D-7E-36-5B","Ip":"167.0.12.31","Sign":"F5CB97762754CADE8B43A2A3AC925C0B","Version":"1.0.0","Token":null,"IsValid":true}
Exception:多次为 'peta_paged' 指定了列 'BillInterest'。|   at CGT.Api.Service.Boss.TravelBill.GetTravelBillService.ExecuteMethod() in C:\code\cgt_api\CGT.ApiCode\CGT.Api.Service\Boss\TravelBill\GetTravelBillService.cs:line 47
   at CGT.Api.Service.ApiBase`1.Execute() in C:\code\cgt_api\CGT.ApiCode\CGT.Api.Service\ApiBase.cs:line 135 
                        
LoggerDateTime:2017/6/20 15:01:58  
ID:[ThreadID:6]  
Message:Debug:Model:{"GuidKey":"c253a49e-c8f1-4e79-a0d2-3c3a6f0263b2","MerchantId":"CS01","Data":"Mxxe8LCVNppAhP2D8/UXSIzEws2lu8g3RiMyn20TLzPbUYoi8hXYfD2o7swFcqBP8pUkSgynRLUbY7GeRu8awjLfUdeGr+/UUQ4hOZQofALcuYwkary2W6+9wGPPjSV7udEvDgNMN7sd4vz1R9eCvcMFpOltDHjbtKQ5xuq6BBLvqhc+FUdeqJNppbehVi9AGJc5WWF9fgl+/Y/3GZCsoTHFyoxHZkUMQ5YxM0FIs9t0/7RxXAZU/W0OC2Aqh9rXj+dYJ/34J8+BPXb3r8bSfcbi2uqkekjP78Kxf3QtTUD/EdrVfR047Z84krFvcvV4HIpC01lSuSwcL4p65FdLyM8pNG6PW8Sf5sSFebdPyHziJdEWz0YReq4BYAAOseOwzFbESfGKkE7iWMFZP+JSoznwUHPwBC+RT0SEBql5f1f1gQuPkkIMtU1pAJk8hat4UCH7CSM61+v6iTXzzu/S0A==","EncryptKey":"Hp6Npbpctu0BYUFXIsEviBkZlsL8orh64JZ306fXaOMN09Ea3Wmugpab6d/4tQhQp+3rGWPyyZUOpdpNp9XoyMINg2SjPYj0kyd1LJegLrrNh3g0BBqBt1G1aB4bXr06VSXNjZKRFbyAJKlE0n7bz6dLSf51JHuXmXDRw+wFv+Sz716Yh2VnWUrNR5RxkDQODO1NOciDdL8yGeFChGOmVvpI3ofsWmVNxyb565oFddyHN9sn0GiAPsX2mHk20yE3HntvuWjqS6PqQ/KTo0WK8sd1JNVp3NEZKrzpYR7q5PaI5SH9KeMedpFtJ1y/bne4KKFECXhQswh/lYI/AzQ2Ow=="}
Parameter:{"PayCenterName":null,"PayCenterCode":null,"EnterpriseId":null,"EnterpriseName":null,"MerchantType":0,"StartBillDate":"2017-06-20T00:00:00","EndBillDate":"2017-06-20T00:00:00","Status":-1,"BillType":null,"PageIndex":1,"PageSize":10,"TimesTamp":"1497970918145","Mac":"00-15-5D-7E-36-5B","Ip":"167.0.12.31","Sign":"CC4E7C5D0539A85A74DE0E51FC2400BB","Version":"1.0.0","Token":null,"IsValid":true}
Exception:多次为 'peta_paged' 指定了列 'BillInterest'。|   at CGT.Api.Service.Boss.TravelBill.GetTravelBillService.ExecuteMethod() in C:\code\cgt_api\CGT.ApiCode\CGT.Api.Service\Boss\TravelBill\GetTravelBillService.cs:line 47
   at CGT.Api.Service.ApiBase`1.Execute() in C:\code\cgt_api\CGT.ApiCode\CGT.Api.Service\ApiBase.cs:line 135 
                        
LoggerDateTime:2017/6/20 15:02:02  
ID:[ThreadID:18] 
Message:Debug:Model:{"GuidKey":"c52f30ee-91f4-4fb6-ba89-87d5fa669bc3","MerchantId":"CS01","Data":"Kq2naWLQL302hcFYbpgNzZM+YDuFAKnwvNFny0+LR32opkQZQt5qVmtXhXg8/WPsAM2/ADy2TxWdC0q4Q0bkbmygZi/ywPqdIWpFgDb8QmRQ5/ij9yXlOuEXUynSFcnbEpML0emc9FDRpX/x6j0Ds0x99V31qIVRuVyb26O9myrU3gbvHZq9qHt1AJwk1kIv6NktXF4+I361l3ELb0+NnFx7+VfQkwKI4RmR2DAYA0+lHQt9ah96rpYqW1cZ2vM+gQiZ3kwiyYSvBSpZKHWbnvedYuFBk5qiR4wV/d9EO8vljEhl7pfnT+Y6AoaVoK+RL8maN9fFeJkhsJKU42p2FJU8SDKcxKnRcrPQtZrVLGOqbQ+mO9o1bQR2tPhsYwvTKpCsfAIzkGeW7H4NiwNKnSVEvI4StJc+pTaV/HoWRg/CLuBHLQsuG5yJA31kxPS8jegFHlkvanthFQEcetD4QQ==","EncryptKey":"LhruxJh9nfUE264QWQs2WN9eE6iI4I2Ym2orII5TfjJogvtD3GSRfcyzoRkUmAIWWTZcHqAynd38JejzAukXIBiO4RI4/aujTA7XkOV2bVBB6Eg/3oE24lvUztvq4vzgygFQcktCBzQlDDROS6MfpuMmKwJ0syHIeSoJO/SSDh/s2LFTZ96jEMylHM0GWJAgD7g+csBVA+Bki0lmvnffaE7+UVKeqvOcXt13BsYjsVGXPzAXNsjUXOJ98ZeLqyJJwBe0MlW0RhPxFyBBaHMCHI9hYR+0xlUCRQlCuWM+h5Ole91hjE8QDcLy8/O2wk0awTj4opGALQEufaw5FcGr7w=="}
Parameter:{"PayCenterName":null,"PayCenterCode":null,"EnterpriseId":null,"EnterpriseName":null,"MerchantType":0,"StartBillDate":"2017-06-20T00:00:00","EndBillDate":"2017-06-20T00:00:00","Status":-1,"BillType":null,"PageIndex":1,"PageSize":10,"TimesTamp":"1497970922023","Mac":"00-15-5D-7E-36-5B","Ip":"167.0.12.31","Sign":"191903E0C712DE3CE0C46F681F081F9C","Version":"1.0.0","Token":null,"IsValid":true}
Exception:多次为 'peta_paged' 指定了列 'BillInterest'。|   at CGT.Api.Service.Boss.TravelBill.GetTravelBillService.ExecuteMethod() in C:\code\cgt_api\CGT.ApiCode\CGT.Api.Service\Boss\TravelBill\GetTravelBillService.cs:line 47
   at CGT.Api.Service.ApiBase`1.Execute() in C:\code\cgt_api\CGT.ApiCode\CGT.Api.Service\ApiBase.cs:line 135 
                        
LoggerDateTime:2017/6/20 15:02:05  
ID:[ThreadID:6]  
Message:Debug:Model:{"GuidKey":"f128bbf9-b997-4691-a21e-40cc45ff0f43","MerchantId":"CS01","Data":"irCrbqhd+S/LM1xgvjI67XGLl8pcFnu6DSZ2G6eiP9ByVPeFuwqzf+6EsZm2Bq5u9eHTn+ZLdbi4oPepXojJ5fF75IcKuEw/xVxsoa+rJdgqEXiWGUiHcAmWF9p6uKYEYkdpBFcAaOSNQ8+Ffw1Pvrf4FDzpFJQOZp35ko4bToVwNZgBIRPzRLe6vBNrcmWNoGXRWDnktqbR0p96fYjAG43ouaUYZ+2Q2JgclkOxUbqGgCsYLt8pb0QVkSD7WUN+wz1V3AbWvrgP0rbOEOBcYdos1l68fOGvBOYs7bGFgkTNmfLvGvadq1cNLEWnyFrJoC/YfgpKgiyZWNABPL2CRnab/PkICXQlLtU+quRWz3tRKijFGumiGh1De/beb59nGQ7beRVlT8XN+hzNoVBlIfILTV9o24n4MrPubVvry3iPfPAjR8uUFB+zPM9pXIqZ5c/qi3OGAVuvugYj7fz+CQ==","EncryptKey":"kHxdTU5to4OtfKlDADged6YUTHOe1PS5PtrR34lYuGp1pmbu5oLHR3U79UYddt01jyBnVAFuLBLBR92lerx0MmMjkUD7Xej1cdNBkSlGx6QcgK+iAjW7dlXUt6KWeCaSXgb0KzzR5fONR7XPeVVhaTWtHSzRl7SoPdieslcaV8FD67yvd+nfyiQnjDJyWY0+4olPQEgn1487VLFmR8/yExikKD3p4jo9sUB94S0EOsqAr5G27wOyGqWWK9irFpIpvby+OQBKDhCyTYnndYodl7mSmNmGd7bM0d5A1JCi6jl/nA3N1gEsWeCQtjfxkTudcNL44oyoFJ1S80ATcoaUYQ=="}
Parameter:{"PayCenterName":null,"PayCenterCode":null,"EnterpriseId":null,"EnterpriseName":null,"MerchantType":0,"StartBillDate":"2017-06-20T00:00:00","EndBillDate":"2017-06-20T00:00:00","Status":-1,"BillType":null,"PageIndex":1,"PageSize":10,"TimesTamp":"1497970925884","Mac":"00-15-5D-7E-36-5B","Ip":"167.0.12.31","Sign":"385A9B2E7037B56EEB0BAAC1595FAA0A","Version":"1.0.0","Token":null,"IsValid":true}
Exception:多次为 'peta_paged' 指定了列 'BillInterest'。|   at CGT.Api.Service.Boss.TravelBill.GetTravelBillService.ExecuteMethod() in C:\code\cgt_api\CGT.ApiCode\CGT.Api.Service\Boss\TravelBill\GetTravelBillService.cs:line 47
   at CGT.Api.Service.ApiBase`1.Execute() in C:\code\cgt_api\CGT.ApiCode\CGT.Api.Service\ApiBase.cs:line 135 
                        
LoggerDateTime:2017/6/20 15:02:57  
ID:[ThreadID:18] 
Message:Debug:Model:{"GuidKey":"3f085066-20bd-47e1-a96b-20bbf69bf6c1","MerchantId":"CS01","Data":"qdBHEdVPQGcAU7NFcWbnUqv8uwE0FvTt5JIeVy7/IzdDDQM3r/37JVmVsfyNepNedgaaQ1DUsBQrhInz35QArvOltM/rOaoHY/nyNfRDptK456Qce7hKHZC2XcqQxg+41HumnFJb/e0fxGEpsVIx+JZ1kUAJhoRbNM/6/RzF2yLGI66mUIirEwuT1vnlhIQdMvJ0GJOyQNOc6/Txc4Nqz6EnjQm4lILRHZHTc6VHFa7obDEzmG3n99waOXxZg1tugjVtg1f8tXC8Jyy8ocRCih/6m9dDPySaDVYcY9SSq3oscEvq04SerkhhBykvyn7MC8jXxXPvYE595spB7VX+zXfACgZ2LOWsH2sBZuyfI9Po4UepbPMrQjoFVxO84U50WJ60uANdsgTiVNL/K6KtJeXZ/SyGQz4nj3Mort3G34AAakk85NrInRvBwF5DZrV7I8mJO7LDdMHx2hK3+HPA9Q==","EncryptKey":"anNa0sXGwZD5r4nD/POtBcQR8xHibFVNLgrT//MLYpbAB2Gf+zq6a+2Rsez28pG3+d3j/lv1HVLcl80wxTWM7lriQc7fxaXGoVdx5Pt+UWCyFbWvGJl8suM/MF72yVhQulkj8uGOyEC9XYHDJXbY0BD/J8NHldM2uQLzgt2BBXaFQYb6upqDZo6+N1iJGBHM4WgCo/sc5FBN6DV6hHiu5GrXhNbuJGqLCJ19Jvz1p9sKh/Eol/AigQpvknz9ND8xPlEWekfdAFwBVLTfDPwSYGv+EdvoDEdhellqO7vfUqcybsNQEHAztdIlzayP5hO9f7TAUwLv2XLqecfrPmxrBw=="}
Parameter:{"PayCenterName":null,"PayCenterCode":null,"EnterpriseId":null,"EnterpriseName":null,"MerchantType":0,"StartBillDate":"2017-06-20T00:00:00","EndBillDate":"2017-06-20T00:00:00","Status":-1,"BillType":null,"PageIndex":1,"PageSize":10,"TimesTamp":"1497970959324","Mac":"00-15-5D-7E-36-5B","Ip":"167.0.12.31","Sign":"19964E72A0A8025D0B9C4755EB08842C","Version":"1.0.0","Token":null,"IsValid":true}
Exception:多次为 'peta_paged' 指定了列 'BillInterest'。|   at CGT.Api.Service.Boss.TravelBill.GetTravelBillService.ExecuteMethod() in C:\code\cgt_api\CGT.ApiCode\CGT.Api.Service\Boss\TravelBill\GetTravelBillService.cs:line 47
   at CGT.Api.Service.ApiBase`1.Execute() in C:\code\cgt_api\CGT.ApiCode\CGT.Api.Service\ApiBase.cs:line 135 
                        
LoggerDateTime:2017/6/20 15:04:40  
ID:[ThreadID:4]  
Message:Debug:Model:{"GuidKey":"4fb887f7-589b-44d7-b3f0-c8bb74319215","MerchantId":"CS01","Data":"NK/3wCEAQQw81yz0npg1Ao5GUmcDOivPT2ezNDJHXZ7NpYpbd1WhQdx/o/KxvHEXfT8o+6xnnK365yOwTNU71kKjlce4YKqOJleefsHMrRo/WD9xyky1ivotKTyDSsjL6sTMVAlTfskI1854kAmraA08K7Ty8D5YfS6c5HHpJReUr8OtHuYSOAZ7B2XE3Kox6Y0kcDK03K4OdmtIgG3LwpxQU9FsXXXQLDmPIU29t3m8uhb00Eh6BVJi5FbtSiTBXkXb3pcOe4eK9Lr/EQCBrDBvuWvHAh2S+XXsG/qJEb5pTVx0M2FLt8rJuS5fygCsIpV0z8+lcVnEhv9nQunB1/r73WRmLFR7CCFbK1qAnVUVha0KmWQPnHvQGbk/PlrZ45+7+EYrSv17fY30yGkZEKcRn4K/Z/Tgre3IUXU/rAbz0WhY9Wq0fYzsS7wXjDp/NPqKkHDMkH0RKNaGvBJIOg==","EncryptKey":"X04ouq4nmxmPguUjShAjrvZdpnmvkhbgN6+j3HesJzwAgGfrnQUbjDEOOW1lCh/AUcbMOrApDdsh5BDmpK9bymcy9e5XKOqZJkKoi7uucKU/dzhTiieNHHeWCMe4PE7mf8ybBJnHem6I0PtJ+w8vlXNKdR5+7QUcCYNCealjA9EoauR43cyCrRBTm8FAKUq9sAKfEtydSTwEC1QSCgI8sHZtGwdtzJDm7aIrb87xyVwZX14cKwOSNAAg8OumZ/3/XZqu0NY4nF1r18Bdfh0OdHuFLk5E5thbVRP7SQeDJhjsVC8PJX5aDqgyvdcYmMH3g+iEeYQGB8N4mgKNh9KtRQ=="}
Parameter:{"PayCenterName":null,"PayCenterCode":null,"EnterpriseId":null,"EnterpriseName":null,"MerchantType":0,"StartBillDate":"2017-06-20T00:00:00","EndBillDate":"2017-06-20T00:00:00","Status":-1,"BillType":null,"PageIndex":1,"PageSize":10,"TimesTamp":"1497970978955","Mac":"00-15-5D-7E-36-5B","Ip":"167.0.12.31","Sign":"61E6AA13B4D9A7E178625957131E991B","Version":"1.0.0","Token":null,"IsValid":true}
Exception:多次为 'peta_paged' 指定了列 'BillInterest'。|   at CGT.Api.Service.Boss.TravelBill.GetTravelBillService.ExecuteMethod() in C:\code\cgt_api\CGT.ApiCode\CGT.Api.Service\Boss\TravelBill\GetTravelBillService.cs:line 47
   at CGT.Api.Service.ApiBase`1.Execute() in C:\code\cgt_api\CGT.ApiCode\CGT.Api.Service\ApiBase.cs:line 135 
                        
LoggerDateTime:2017/6/20 16:45:10  
ID:[ThreadID:11] 
Message:Debug:Model:{"GuidKey":"d041e829-e2f6-4efb-bc9a-e1671665c567","MerchantId":"CS01","Data":"gvYPyQwByONnKlGPYrp4RNSfn9USaohL4y6D2sZd8tvGbyPz4H+epoDXZUHMjQjxR+y8l2M8BcVbSbq6+il80onL5voPVjGWxhp13ECC/w1Vfza/QLtdVvSUn6smDoCfFDvn66oCenomd/J9Z+7qSsl8Bov42bm8mJwugiqeOPq2seueTXaCHarKRH/H2jLGALDOaWc3PMiGANyLkoIuOY4wp5QEZ8hzUYquAkeqyjwJcKB1/JHIw4grulM7OAiv7phNlanQFD4lpZJFZ1PwFyJSO/uAMfofQj486FW1nbMmCsMKCvpxns0WY84qDO37StFXzSMe/muXK+1YQ+bIig==","EncryptKey":"ROODZkl03FAArALom/pzpWcyYepcXWzBBDVmQyPU/w7bAlozk/ZjcVrpX0I41711OE8+Czfrxe/u539WR+CpANQX4MVPy7HjHCsoWXBjvKlwDGuk+yMpsy3tZVrzpk34OmZkhzYPwU2Yda2znL3LFAqqKerBp0H1E11jr4ukK36sOgJ67sa/9ECQTN+5tfVvD2OimmC3P2f82BC7j4j6gMLWW9UAZK98K/n7wkt1WrZZWLe4NGxFPLLPY5SBg0D0NR5wdzwKWXUViajqME+4Dvd/bagUer0aRyV9QAPut8Otnt4K242PgTaBWs6DwOt+PfYbWDWBGBFyat7rTYOn"}
Parameter:null
Exception:参数错误。|   at System.Security.Cryptography.RSACng.EncryptOrDecrypt(SafeNCryptKeyHandle key, Byte[] input, AsymmetricPaddingMode paddingMode, Void* paddingInfo, EncryptOrDecryptAction encryptOrDecrypt)
   at System.Security.Cryptography.RSACng.EncryptOrDecrypt(Byte[] data, RSAEncryptionPadding padding, EncryptOrDecryptAction encryptOrDecrypt)
   at System.Security.Cryptography.RSACng.Decrypt(Byte[] data, RSAEncryptionPadding padding)
   at CGT.DDD.Encrpty.Encrpty.RSADecrypt(String data, String address, String pwd) in C:\code\cgt_api\CGT.ApiCode\CGT.DDD\Encrpty\Encrpty.cs:line 87
   at CGT.Api.Service.ApiBase`1.Validate() in C:\code\cgt_api\CGT.ApiCode\CGT.Api.Service\ApiBase.cs:line 88
   at CGT.Api.Service.Boss.TravelOrder.DownloadTravelOrderListService.Validate() in C:\code\cgt_api\CGT.ApiCode\CGT.Api.Service\Boss\TravelOrder\DownloadTravelOrderListService.cs:line 31
   at CGT.Api.Service.ApiBase`1.Execute() in C:\code\cgt_api\CGT.ApiCode\CGT.Api.Service\ApiBase.cs:line 133 
                        
