LoggerDateTime:2017/7/31 13:41:40  
ID:[ThreadID:11] 
Message:Debug:Model:{"GuidKey":"ce55d2e4-ad36-45a7-a17b-9e068304e532","MerchantId":"CS01","Data":"M6PllrKDviSnqSRt4E6yyICiGNdVykzVvBQBmOT2mwvJlw6cZZr94yujMT42Hg19KTuUnOPzbLmcrZvNF5JYO2dIYzJEQISvuJvYMIvJDbyKAjsmTssDqsGO9FaKCBd9R81xLwmfQcVAmJEe/nwCqGr5kZXagje9RAG6ScCsH3Aix5kkPqUyGqovRqoRPAWTqa23JV7d9hZSXgIcnd1InIaPrDXGV1ONqs6aMdtlOwvfcdDRX/o9D6DcCq6JaS/kjRT8eKOfgEAENpIV21l4wsYD9TeaxWYhyfSzGoNMgwsWQYVEovD99mpZ+K20drbh","EncryptKey":"S2lZIZ7SG7/lgg8TQqQJYJA0vc5gJ4tsJ5AkMHZBjQpCa2yAXZHr8phcaONkMW/HhpfK0mRXmDuWdVClYfDvDAYx2WusX+YaKec13iXarygXNc3gwCQTeYxUZAkfGGAdhUp4XEqzLJ2FvSZhSpHJzYmLXfbH7kcYLCvDxmW4ue3Bw9ikDnaigdN/EkWnCU7vrEj/dnhPvT5qGLI/zncgzl67FsUWnxv0EVVTMFW2LO+9wErGwQPcWYx0dWal8wdSOxggvkM57K6XAwlZcOAm0qUzg2zjyjj8kvrMy9u6rpZex2qAe+1EkDMvNq+wLMrJDgDt/3q8Rixt0NNUFVKrpw=="}
Parameter:{"EOrderId":"3245651097518","ReviewState":1,"RefuseReason":"","ReviewUserId":1,"TimesTamp":"1501508489702","Mac":"00-15-5D-7E-36-5B","Ip":"167.0.12.31","Sign":"CAF90B08BB8231BF0D4661C9370999E3","Version":"1.0.0","Token":null,"IsValid":true}
Exception:代理CODE不存在！|   at CGT.Api.Service.Boss.TravelOrder.ReviewTravelOrderService.ExecuteMethod() in C:\code\cgt_api\CGT.ApiCode\CGT.Api.Service\Boss\TravelOrder\ReviewTravelOrderService.cs:line 72
   at CGT.Api.Service.ApiBase`1.Execute() in C:\code\cgt_api\CGT.ApiCode\CGT.Api.Service\ApiBase.cs:line 146 
                        
LoggerDateTime:2017/7/31 13:42:09  
ID:[ThreadID:12] 
Message:Debug:Model:{"GuidKey":"3dd91357-e978-477a-912e-f62e3426674c","MerchantId":"CS01","Data":"LbWT72DAwr1Eooqeh+DmUPDWDm43epnXcpqycoL1zqHfn2gh1GOYgSVEOFilk6ERxDLw12R55uusboJv9xw10A+OkExxbRdPHkXpT5E30vkhDAzr1g04+VbsHsn1yhAYT6en3fGpOvgqyyTU5GTHNc8MZHS3DGwxDaJgCaYH1jSRZAi7be8/YlRETIibwuSTyYjHDDg0BII4mqH2KHqg73G6A4fM0GiYDeY1UwXnioumDdYLwZ6149dwiOhZUUghTxSFGgHS5TiN0f+hbZnlJhYCT99BmOYWVYAccrDd94BrvuE1BxsidH11rIO8KFI0","EncryptKey":"I3ARj8ub8n2r/UTxDJAyjolrjLypl/IOxjrEs+IK0AgpeGdpbJ+bUhAdRNbNc3nfKqNN87r65kahj6hcHh1JpG+0CEcIOTTOFrQ/qK+B1CJ0nK2GrVD8L7IbgRS+3FG2cuLhW1R4qsPTg2O0R5zBe9dbu90VGR4H/HmQ/tzM9BTV9kngN27RCW6GLgLHNSvcieAVv8g1JEMNAiV2IV7P9s+W4uKCq2inblrj6eQhoPtb7+bY81zhS9uAUK3Htjkj3JaZ6PcoTFryS6/Vqzu+HtnnjeEMN3CNFLxkX/aTwb7YSNWx4qTRwolLUdise1mDX2WR8tZC3OcBe3heVTVlQw=="}
Parameter:{"EOrderId":"3245651097518","ReviewState":1,"RefuseReason":"","ReviewUserId":1,"TimesTamp":"1501508524261","Mac":"00-15-5D-7E-36-5B","Ip":"167.0.12.31","Sign":"C88F94F1809698CE8137273433E62E16","Version":"1.0.0","Token":null,"IsValid":true}
Exception:此订单已返现，无法审核！|   at CGT.Api.Service.Boss.TravelOrder.ReviewTravelOrderService.ExecuteMethod() in C:\code\cgt_api\CGT.ApiCode\CGT.Api.Service\Boss\TravelOrder\ReviewTravelOrderService.cs:line 58
   at CGT.Api.Service.ApiBase`1.Execute() in C:\code\cgt_api\CGT.ApiCode\CGT.Api.Service\ApiBase.cs:line 146 
                        
LoggerDateTime:2017/7/31 16:24:36  
ID:[ThreadID:6]  
Message:Debug:Model:{"GuidKey":"b5332219-d88d-4796-a903-9c3a0dbdfd77","MerchantId":"CS01","Data":"H7u71kUrwlzK31e6Qr2gsR9+5HH8hr7Tn+SJOyIL6tW1+zmY/X/pWf48RddjdBh3FVlAeEgYxcVMij3iDNJjuBVupNCdyzeAdtI7u+fY5L5KnC08xjNnwdj4LC2TqwDiP4zfvALdZeCTrfeWcxeP9npPrnRa+i9wTzK4WTVovh+z9gNas3eCu4Wb7rmLYuDGyaD2p9ZtY16n33dha4xVCZdsijw4Chv+cEinflPpRzO8Q+XBQSVuJlTTPG3lb8cimPjnTm0OfqAtp6CCE/RN041PFTiHocMR+MQUJdxWTJ93upOUy2cGf+Vyp+b1ViJn","EncryptKey":"dAp+T9wfhD+g/IaQK+JffaEmrvTpsvMVlDUzFIVNgMbz2h/P6SrD11mrTgnuLBdoBwg1aeQy9UTu3HtGMF5rpodrZS2Sc2Z3hg/LtAHDlB3Imu11hYeQJE06njlqSyPPRUxfNTAT0jQybZpMSOi/8eZZ2+hwWYJAfSX8g9JUC2QulvT+OvxCahnLcn+PVTNszv39B+WSaEQmuytCno6Fm5p9eqYEl1xNh09bNidcuEqk+UaTQoA1JKGv+cywWhET4rav/DV0Ys+vMmCkCJzEmVqZUHnLx6e5ox4pnt6exf/g6SJr6j0i/LCQ1mLx1u0BWQUDAoVUJpoQ/Bd3uiq5HQ=="}
Parameter:{"EOrderId":"9995651099609","ReviewState":1,"RefuseReason":"","ReviewUserId":1,"TimesTamp":"1501518231629","Mac":"00-15-5D-7E-36-5B","Ip":"167.0.12.31","Sign":"9E3233B1B054BD83D087EDB3AED37C46","Version":"1.0.0","Token":null,"IsValid":true}
Exception:无法连接到远程服务器|   at CGT.Api.Service.Boss.TravelOrder.ReviewTravelOrderService.ExecuteMethod() in C:\code\cgt_api\CGT.ApiCode\CGT.Api.Service\Boss\TravelOrder\ReviewTravelOrderService.cs:line 126
   at CGT.Api.Service.ApiBase`1.Execute() in C:\code\cgt_api\CGT.ApiCode\CGT.Api.Service\ApiBase.cs:line 146 
                        
LoggerDateTime:2017/7/31 16:35:37  
ID:[ThreadID:6]  
Message:Debug:Model:{"GuidKey":"c601de63-14fb-4d45-993f-6625c3b6c2c5","MerchantId":"CS01","Data":"MHIRaxL2NEhoIYtEKlfWgr/H6r41Fh9OwqiVbql0SRIvdlHEH2khF5OhYOLQT37vtYchy7QJTTt1yQVWHtIWW09Uccu0uBVHgciLwiYeDIWPpBxHgn/KYpm0fARICjtAJFfP7l2gFmF8IQz/dAaFEAAbDpryVGYPNVoPkTn4iZtnRuDfIjyHCVUxxyfAxJ7kud5GgY7aFdZWlm0sMXtIdh4c/4/m570zbqopm695x7RKWMOH9PxfkqNoJ033YHEGTK5sqkdD87GRHb6rNWFDSBfQ/V90KTeUgb0Ns8/A4aiJCHE+dIRyC5+K7wnoOB1BQkupNFKrCPLcTQT7Z31WKuzA7Mmr1yjam1hnSpH1lms1lnwGo5lYslwDXP+4QCl89rSKU4sPVlFQCXQA7Twmaii8rqt8cm+V/reHf4BqHEuguMfoeDVHBCkCHqxkcolP","EncryptKey":"hLNmD5I38PN03/RtR/r347LAMYBBZfPup8uG232QHOVyiuPst0nDvPh+4zLGkonxPlGAzTadmJ9jy9O1PcH9cb7Rkm9SzaJ7qq/TcCYTYRAs1Jv4qpwAzFzT2pyc2IV6EzMA1sYH9ye3slMYpRSQhumCL/vOUSarBbx9KQMuLaPhOFHrVKqZPO23vhF0/fANfTUI+RtQQTunS4PTAYy0n9BCrVj3WgXFlXEguzndQn/eHbeGeZBVudiyqmwl7WnhXvovCwz/2pSiDH7+NYsjecL5uXNEVx1EUhaQUv51JMk3VYinrfcNDdBpLsvKs6L01kOnmaccrvf/PmApe7LBig=="}
Parameter:{"PayCenterName":null,"PayCenterCode":null,"EnterpriseId":null,"EnterpriseName":null,"MerchantType":0,"StartBillDate":null,"EndBillDate":null,"Status":-1,"BillType":null,"PageIndex":1,"PageSize":10,"TimesTamp":"1501518935223","Mac":"00-15-5D-7E-36-5B","Ip":"167.0.12.31","Sign":"947B3104DB1F3B7054FDF8F2F11D9805","Version":"1.0.0","Token":null,"IsValid":true}
Exception:ExecuteReader requires an open and available Connection. The connection's current state is connecting.|   at CGT.Api.Service.Boss.TravelBill.GetTravelBillDownloadService.ExecuteMethod() in C:\code\cgt_api\CGT.ApiCode\CGT.Api.Service\Boss\TravelBill\GetTravelBillDownloadService.cs:line 115
   at CGT.Api.Service.ApiBase`1.Execute() in C:\code\cgt_api\CGT.ApiCode\CGT.Api.Service\ApiBase.cs:line 146 
                        
LoggerDateTime:2017/7/31 16:35:37  
ID:[ThreadID:11] 
Message:Debug:Model:{"GuidKey":"08560589-4412-431e-8ff9-c3896b57122d","MerchantId":"CS01","Data":"q0JqnDFvb4GuDPrSRXi+6fRa7yXybEjs1KYxQqT9zZc8guageDkGfT2xnaxrE7reKGcB2ZVGj71fAB8q+AHB8ltA8zGritNR2A3bqsIBe/eZ5JVINk1PxUtGlRsHz96JdcZ3YwhxAQ1UeJl28BamSxNlKBMwa6TRPKnM35fxbxQEbXtHKgaDmzlQpFFQZj1RQ8wCJMblM0+ZAmAdcvgxmTsypdss8oIwUSIDnB9an0UPoe08KZ0ujid1S+1dbBTs2UQVsW9t/Rv216vlrqChHSDvwTIoEMiL/HQue9LVO5/OotJAJ0Ebf/1tt9yqEUtqBwK2EUctX+hCvOy9yMMP4k0DsHlsjAm5po3PZhF6xoYQRgvdA7fo+XQv4Oi4NXH+vh4sofHUGI1gPhP/wh70t2XBebdqRKSSeYr/xG097bp1jnRC3z5f7/YllC6d45Ny","EncryptKey":"gg8oCiyLIl1GZa4O/CGnRMcy5fJH3hZF2NJlop2St5YJd8HAXaw2Bgm1yq+VBzcXDoPg5hpIvqnkC6Gw0uTZg7nBYBOZk8qmcyqK0pnHdF+5vDpe4sKPHz5BIP1hh7pzqnfOVy79mArPaEpsF/o45SK8fTs+Z/63Db3Sbi0ejDXwgZ+yNPa7vF+2rBNWenynTqRQFdw/8Z2YJxPeLChDtaMwOS1TJXre4kSKsueor31hIDa9jI0VSmetUrXx9gL/Cs68BQpwYZR8WA2zB9mBKigNGlTvAfbKn8cq9UnkaFpxI7lgzP+CFL3LwCXy8M6i3yOo3kjnJRizzvUu1p+MDA=="}
Parameter:{"PayCenterName":null,"PayCenterCode":null,"EnterpriseId":null,"EnterpriseName":null,"MerchantType":0,"StartBillDate":null,"EndBillDate":null,"Status":-1,"BillType":null,"PageIndex":1,"PageSize":10,"TimesTamp":"1501518935219","Mac":"00-15-5D-7E-36-5B","Ip":"167.0.12.31","Sign":"D76C8CFBDA9066F2EEC12BD54499721C","Version":"1.0.0","Token":null,"IsValid":true}
Exception:ExecuteScalar requires an open and available Connection. The connection's current state is connecting.|   at CGT.Api.Service.Boss.TravelBill.GetTravelBillService.ExecuteMethod() in C:\code\cgt_api\CGT.ApiCode\CGT.Api.Service\Boss\TravelBill\GetTravelBillService.cs:line 47
   at CGT.Api.Service.ApiBase`1.Execute() in C:\code\cgt_api\CGT.ApiCode\CGT.Api.Service\ApiBase.cs:line 137 
                        
