LoggerDateTime:2017/8/15 8:40:53   
ID:[ThreadID:12] 
Message:Info:请求花费2686.0913ms 
                        
LoggerDateTime:2017/8/15 8:41:06   
ID:[ThreadID:14] 
Message:Info:请求花费6020.212ms 
                        
LoggerDateTime:2017/8/15 8:43:05   
ID:[ThreadID:15] 
Message:Info:请求花费192.5265ms 
                        
LoggerDateTime:2017/8/15 8:43:14   
ID:[ThreadID:15] 
Message:Info:请求花费5309.3526ms 
                        
LoggerDateTime:2017/8/15 8:43:46   
ID:[ThreadID:3]  
Message:Info:请求花费167.1766ms 
                        
LoggerDateTime:2017/8/15 8:43:54   
ID:[ThreadID:16] 
Message:Info:请求花费5503.6494ms 
                        
LoggerDateTime:2017/8/15 8:46:19   
ID:[ThreadID:25] 
Message:Info:请求花费181.0556ms 
                        
LoggerDateTime:2017/8/15 8:46:29   
ID:[ThreadID:24] 
Message:Info:请求花费5584.2583ms 
                        
LoggerDateTime:2017/8/15 8:47:45   
ID:[ThreadID:25] 
Message:Info:请求花费50331.1391ms 
                        
LoggerDateTime:2017/8/15 8:47:58   
ID:[ThreadID:25] 
Message:Info:请求花费5709.474ms 
                        
LoggerDateTime:2017/8/15 8:48:59   
ID:[ThreadID:20] 
Message:Info:请求花费8280.6315ms 
                        
LoggerDateTime:2017/8/15 8:49:08   
ID:[ThreadID:36] 
Message:Info:请求花费6055.8997ms 
                        
LoggerDateTime:2017/8/15 8:51:15   
ID:[ThreadID:41] 
Message:Info:请求花费208.2023ms 
                        
LoggerDateTime:2017/8/15 8:51:24   
ID:[ThreadID:25] 
Message:Info:请求花费5543.4037ms 
                        
LoggerDateTime:2017/8/15 8:52:50   
ID:[ThreadID:41] 
Message:Info:请求花费75352.2864ms 
                        
LoggerDateTime:2017/8/15 8:53:05   
ID:[ThreadID:41] 
Message:Info:请求花费5753.8136ms 
                        
LoggerDateTime:2017/8/15 8:53:25   
ID:[ThreadID:47] 
Message:Info:请求花费11999.1385ms 
                        
LoggerDateTime:2017/8/15 8:54:38   
ID:[ThreadID:41] 
Message:Info:请求花费5502.9762ms 
                        
LoggerDateTime:2017/8/15 8:55:06   
ID:[ThreadID:52] 
Message:Info:请求花费260.0641ms 
                        
LoggerDateTime:2017/8/15 8:55:15   
ID:[ThreadID:47] 
Message:Info:请求花费5336.35ms 
                        
LoggerDateTime:2017/8/15 8:55:31   
ID:[ThreadID:41] 
Message:Info:请求花费5926.0415ms 
                        
LoggerDateTime:2017/8/15 8:56:49   
ID:[ThreadID:54] 
Message:Info:请求花费5578.3383ms 
                        
LoggerDateTime:2017/8/15 8:57:18   
ID:[ThreadID:54] 
Message:Info:请求花费192.0687ms 
                        
LoggerDateTime:2017/8/15 8:57:29   
ID:[ThreadID:41] 
Message:Info:请求花费6151.7342ms 
                        
LoggerDateTime:2017/8/15 8:57:46   
ID:[ThreadID:41] 
Message:Info:请求花费10702.064ms 
                        
LoggerDateTime:2017/8/15 8:57:56   
ID:[ThreadID:47] 
Message:Info:请求花费5761.3797ms 
                        
LoggerDateTime:2017/8/15 8:58:18   
ID:[ThreadID:48] 
Message:Info:请求花费12632.6249ms 
                        
LoggerDateTime:2017/8/15 8:58:29   
ID:[ThreadID:48] 
Message:Info:请求花费5297.8497ms 
                        
LoggerDateTime:2017/8/15 8:59:45   
ID:[ThreadID:41] 
Message:Info:请求花费62333.5967ms 
                        
LoggerDateTime:2017/8/15 8:59:54   
ID:[ThreadID:41] 
Message:Info:请求花费5686.8807ms 
                        
LoggerDateTime:2017/8/15 9:02:38   
ID:[ThreadID:25] 
Message:Info:请求花费197.9482ms 
                        
LoggerDateTime:2017/8/15 9:02:47   
ID:[ThreadID:24] 
Message:Info:请求花费5753.0093ms 
                        
LoggerDateTime:2017/8/15 9:03:17   
ID:[ThreadID:34] 
Message:Info:请求花费17626.3712ms 
                        
LoggerDateTime:2017/8/15 9:03:26   
ID:[ThreadID:34] 
Message:Info:请求花费5725.4898ms 
                        
LoggerDateTime:2017/8/15 9:07:38   
ID:[ThreadID:17] 
Message:Info:请求花费16539.1281ms 
                        
LoggerDateTime:2017/8/15 9:07:45   
ID:[ThreadID:17] 
Message:Info:请求花费5515.1272ms 
                        
LoggerDateTime:2017/8/15 13:13:47  
ID:[ThreadID:11] 
Message:Info:请求花费631.0146ms 
                        
LoggerDateTime:2017/8/15 13:13:49  
ID:[ThreadID:14] 
Message:Info:请求花费132.2586ms 
                        
LoggerDateTime:2017/8/15 13:13:49  
ID:[ThreadID:6]  
Message:Info:请求花费221.8023ms 
                        
LoggerDateTime:2017/8/15 13:13:50  
ID:[ThreadID:6]  
Message:Info:请求花费449.1521ms 
                        
LoggerDateTime:2017/8/15 13:13:52  
ID:[ThreadID:3]  
Message:Info:请求花费1322.0076ms 
                        
LoggerDateTime:2017/8/15 13:13:53  
ID:[ThreadID:3]  
Message:Info:请求花费917.9839ms 
                        
LoggerDateTime:2017/8/15 13:13:55  
ID:[ThreadID:6]  
Message:Info:请求花费2661.6493ms 
                        
LoggerDateTime:2017/8/15 13:13:55  
ID:[ThreadID:14] 
Message:Info:请求花费3194.1585ms 
                        
LoggerDateTime:2017/8/15 13:13:56  
ID:[ThreadID:15] 
Message:Info:请求花费1212.8679ms 
                        
LoggerDateTime:2017/8/15 13:13:56  
ID:[ThreadID:3]  
Message:Info:请求花费2170.8002ms 
                        
LoggerDateTime:2017/8/15 13:13:56  
ID:[ThreadID:16] 
Message:Info:请求花费513.1539ms 
                        
LoggerDateTime:2017/8/15 13:13:57  
ID:[ThreadID:11] 
Message:Info:请求花费9157.7246ms 
                        
LoggerDateTime:2017/8/15 13:14:00  
ID:[ThreadID:6]  
Message:Info:请求花费722.4387ms 
                        
LoggerDateTime:2017/8/15 13:14:00  
ID:[ThreadID:11] 
Message:Info:请求花费269.0701ms 
                        
LoggerDateTime:2017/8/15 13:14:01  
ID:[ThreadID:15] 
Message:Info:请求花费966.9537ms 
                        
LoggerDateTime:2017/8/15 13:14:03  
ID:[ThreadID:16] 
Message:Info:请求花费955.4508ms 
                        
LoggerDateTime:2017/8/15 13:14:04  
ID:[ThreadID:16] 
Message:Info:请求花费63.1782ms 
                        
LoggerDateTime:2017/8/15 13:14:11  
ID:[ThreadID:16] 
Message:Info:请求花费5461.4222ms 
                        
LoggerDateTime:2017/8/15 13:14:42  
ID:[ThreadID:15] 
Message:Info:请求花费4851.4947ms 
                        
LoggerDateTime:2017/8/15 13:14:52  
ID:[ThreadID:15] 
Message:Info:请求花费259.1608ms 
                        
LoggerDateTime:2017/8/15 13:14:59  
ID:[ThreadID:15] 
Message:Info:请求花费6852.9198ms 
                        
LoggerDateTime:2017/8/15 13:15:09  
ID:[ThreadID:16] 
Message:Info:请求花费4846.9204ms 
                        
LoggerDateTime:2017/8/15 13:15:21  
ID:[ThreadID:15] 
Message:Info:请求花费5761.093ms 
                        
LoggerDateTime:2017/8/15 13:15:28  
ID:[ThreadID:15] 
Message:Info:请求花费4848.8067ms 
                        
LoggerDateTime:2017/8/15 13:15:41  
ID:[ThreadID:15] 
Message:Info:请求花费6741.9224ms 
                        
LoggerDateTime:2017/8/15 13:15:49  
ID:[ThreadID:12] 
Message:Info:请求花费5152.4352ms 
                        
LoggerDateTime:2017/8/15 13:16:00  
ID:[ThreadID:19] 
Message:Info:请求花费5419.7911ms 
                        
LoggerDateTime:2017/8/15 13:17:28  
ID:[ThreadID:29] 
Message:Info:请求花费209.2267ms 
                        
LoggerDateTime:2017/8/15 13:17:34  
ID:[ThreadID:29] 
Message:Info:请求花费5493.8289ms 
                        
LoggerDateTime:2017/8/15 13:17:52  
ID:[ThreadID:34] 
Message:Info:请求花费6127.5699ms 
                        
LoggerDateTime:2017/8/15 13:19:00  
ID:[ThreadID:35] 
Message:Info:请求花费26780.831ms 
                        
LoggerDateTime:2017/8/15 13:19:11  
ID:[ThreadID:28] 
Message:Info:请求花费5123.895ms 
                        
LoggerDateTime:2017/8/15 13:19:37  
ID:[ThreadID:41] 
Message:Info:请求花费38.8446ms 
                        
LoggerDateTime:2017/8/15 13:19:45  
ID:[ThreadID:33] 
Message:Info:请求花费5150.3369ms 
                        
LoggerDateTime:2017/8/15 13:19:57  
ID:[ThreadID:41] 
Message:Info:请求花费5970.2975ms 
                        
LoggerDateTime:2017/8/15 13:20:18  
ID:[ThreadID:41] 
Message:Info:请求花费5476.9371ms 
                        
LoggerDateTime:2017/8/15 13:22:01  
ID:[ThreadID:49] 
Message:Info:请求花费40.4194ms 
                        
LoggerDateTime:2017/8/15 13:22:09  
ID:[ThreadID:50] 
Message:Info:请求花费5658.8051ms 
                        
LoggerDateTime:2017/8/15 13:22:21  
ID:[ThreadID:51] 
Message:Info:请求花费5954.0919ms 
                        
LoggerDateTime:2017/8/15 13:22:48  
ID:[ThreadID:49] 
Message:Info:请求花费44.2624ms 
                        
LoggerDateTime:2017/8/15 13:22:57  
ID:[ThreadID:51] 
Message:Info:请求花费6460.4494ms 
                        
LoggerDateTime:2017/8/15 13:23:07  
ID:[ThreadID:56] 
Message:Info:请求花费5128.0363ms 
                        
LoggerDateTime:2017/8/15 13:23:51  
ID:[ThreadID:48] 
Message:Info:请求花费39.6322ms 
                        
LoggerDateTime:2017/8/15 13:23:58  
ID:[ThreadID:53] 
Message:Info:请求花费5153.7609ms 
                        
LoggerDateTime:2017/8/15 13:25:00  
ID:[ThreadID:50] 
Message:Info:请求花费49.9016ms 
                        
LoggerDateTime:2017/8/15 13:25:07  
ID:[ThreadID:50] 
Message:Info:请求花费5363.5457ms 
                        
LoggerDateTime:2017/8/15 13:25:18  
ID:[ThreadID:48] 
Message:Info:请求花费5489.0071ms 
                        
LoggerDateTime:2017/8/15 13:28:00  
ID:[ThreadID:37] 
Message:Info:请求花费46.9606ms 
                        
LoggerDateTime:2017/8/15 13:28:07  
ID:[ThreadID:36] 
Message:Info:请求花费4871.371ms 
                        
LoggerDateTime:2017/8/15 13:28:18  
ID:[ThreadID:44] 
Message:Info:请求花费4933.8905ms 
                        
LoggerDateTime:2017/8/15 13:28:59  
ID:[ThreadID:43] 
Message:Info:请求花费46.7375ms 
                        
LoggerDateTime:2017/8/15 13:29:06  
ID:[ThreadID:43] 
Message:Info:请求花费5155.4671ms 
                        
LoggerDateTime:2017/8/15 13:29:18  
ID:[ThreadID:26] 
Message:Info:请求花费5398.4279ms 
                        
LoggerDateTime:2017/8/15 13:29:50  
ID:[ThreadID:43] 
Message:Info:请求花费4862.2275ms 
                        
LoggerDateTime:2017/8/15 13:30:02  
ID:[ThreadID:24] 
Message:Info:请求花费5711.6939ms 
                        
LoggerDateTime:2017/8/15 13:30:27  
ID:[ThreadID:36] 
Message:Info:请求花费34.3215ms 
                        
LoggerDateTime:2017/8/15 13:30:34  
ID:[ThreadID:43] 
Message:Info:请求花费5395.4506ms 
                        
LoggerDateTime:2017/8/15 13:30:45  
ID:[ThreadID:32] 
Message:Info:请求花费5129.7583ms 
                        
LoggerDateTime:2017/8/15 13:31:57  
ID:[ThreadID:21] 
Message:Info:请求花费47.4547ms 
                        
LoggerDateTime:2017/8/15 13:32:04  
ID:[ThreadID:31] 
Message:Info:请求花费5484.5326ms 
                        
LoggerDateTime:2017/8/15 13:32:15  
ID:[ThreadID:22] 
Message:Info:请求花费5525.9236ms 
                        
LoggerDateTime:2017/8/15 13:33:04  
ID:[ThreadID:31] 
Message:Info:请求花费38.4268ms 
                        
LoggerDateTime:2017/8/15 13:33:12  
ID:[ThreadID:31] 
Message:Info:请求花费5677.4795ms 
                        
LoggerDateTime:2017/8/15 13:33:22  
ID:[ThreadID:22] 
Message:Info:请求花费4873.934ms 
                        
LoggerDateTime:2017/8/15 13:34:57  
ID:[ThreadID:60] 
Message:Info:请求花费38.6526ms 
                        
LoggerDateTime:2017/8/15 13:35:06  
ID:[ThreadID:22] 
Message:Info:请求花费6105.4464ms 
                        
LoggerDateTime:2017/8/15 13:35:18  
ID:[ThreadID:22] 
Message:Info:请求花费5939.1492ms 
                        
LoggerDateTime:2017/8/15 13:37:15  
ID:[ThreadID:52] 
Message:Info:请求花费46.417ms 
                        
LoggerDateTime:2017/8/15 13:37:25  
ID:[ThreadID:61] 
Message:Info:请求花费5148.8585ms 
                        
LoggerDateTime:2017/8/15 13:37:46  
ID:[ThreadID:61] 
Message:Info:请求花费7666.5901ms 
                        
LoggerDateTime:2017/8/15 13:38:02  
ID:[ThreadID:26] 
Message:Info:请求花费6025.6486ms 
                        
LoggerDateTime:2017/8/15 13:38:13  
ID:[ThreadID:47] 
Message:Info:请求花费37.3034ms 
                        
LoggerDateTime:2017/8/15 13:38:23  
ID:[ThreadID:68] 
Message:Info:请求花费5907.3795ms 
                        
LoggerDateTime:2017/8/15 13:38:35  
ID:[ThreadID:47] 
Message:Info:请求花费5930.8927ms 
                        
LoggerDateTime:2017/8/15 13:38:48  
ID:[ThreadID:64] 
Message:Info:请求花费43.0459ms 
                        
LoggerDateTime:2017/8/15 13:38:58  
ID:[ThreadID:64] 
Message:Info:请求花费5755.1597ms 
                        
LoggerDateTime:2017/8/15 13:39:13  
ID:[ThreadID:47] 
Message:Info:请求花费5372.3346ms 
                        
LoggerDateTime:2017/8/15 13:39:20  
ID:[ThreadID:61] 
Message:Info:请求花费7485.1564ms 
                        
LoggerDateTime:2017/8/15 13:39:25  
ID:[ThreadID:47] 
Message:Info:请求花费9708.9624ms 
                        
LoggerDateTime:2017/8/15 13:39:28  
ID:[ThreadID:65] 
Message:Info:请求花费9669.9719ms 
                        
LoggerDateTime:2017/8/15 13:39:33  
ID:[ThreadID:67] 
Message:Info:请求花费8821.3652ms 
                        
LoggerDateTime:2017/8/15 13:39:37  
ID:[ThreadID:47] 
Message:Info:请求花费7525.7026ms 
                        
LoggerDateTime:2017/8/15 13:39:40  
ID:[ThreadID:46] 
Message:Info:请求花费5918.0351ms 
                        
LoggerDateTime:2017/8/15 13:39:57  
ID:[ThreadID:46] 
Message:Info:请求花费7044.6208ms 
                        
LoggerDateTime:2017/8/15 13:40:01  
ID:[ThreadID:70] 
Message:Info:请求花费7391.3618ms 
                        
LoggerDateTime:2017/8/15 13:40:09  
ID:[ThreadID:61] 
Message:Info:请求花费8606.233ms 
                        
LoggerDateTime:2017/8/15 13:40:17  
ID:[ThreadID:70] 
Message:Info:请求花费13457.7845ms 
                        
LoggerDateTime:2017/8/15 13:40:21  
ID:[ThreadID:71] 
Message:Info:请求花费15078.9325ms 
                        
LoggerDateTime:2017/8/15 13:40:24  
ID:[ThreadID:67] 
Message:Info:请求花费15094.5992ms 
                        
LoggerDateTime:2017/8/15 13:40:27  
ID:[ThreadID:47] 
Message:Info:请求花费13738.9656ms 
                        
LoggerDateTime:2017/8/15 13:40:29  
ID:[ThreadID:61] 
Message:Info:请求花费12311.3533ms 
                        
LoggerDateTime:2017/8/15 13:40:33  
ID:[ThreadID:70] 
Message:Info:请求花费210.5246ms 
                        
LoggerDateTime:2017/8/15 13:40:41  
ID:[ThreadID:67] 
Message:Info:请求花费5108.7339ms 
                        
LoggerDateTime:2017/8/15 13:40:54  
ID:[ThreadID:46] 
Message:Info:请求花费6587.3653ms 
                        
LoggerDateTime:2017/8/15 13:40:59  
ID:[ThreadID:47] 
Message:Info:请求花费5329.7563ms 
                        
LoggerDateTime:2017/8/15 13:42:02  
ID:[ThreadID:42] 
Message:Info:请求花费6497.6962ms 
                        
LoggerDateTime:2017/8/15 13:42:06  
ID:[ThreadID:47] 
Message:Info:请求花费7081.3299ms 
                        
LoggerDateTime:2017/8/15 13:42:11  
ID:[ThreadID:68] 
Message:Info:请求花费6123.4735ms 
                        
LoggerDateTime:2017/8/15 13:42:20  
ID:[ThreadID:68] 
Message:Info:请求花费8321.5792ms 
                        
LoggerDateTime:2017/8/15 13:42:23  
ID:[ThreadID:60] 
Message:Info:请求花费8628.3398ms 
                        
LoggerDateTime:2017/8/15 13:42:37  
ID:[ThreadID:60] 
Message:Info:请求花费5377.2118ms 
                        
LoggerDateTime:2017/8/15 13:42:47  
ID:[ThreadID:47] 
Message:Info:请求花费40.0337ms 
                        
LoggerDateTime:2017/8/15 13:42:57  
ID:[ThreadID:60] 
Message:Info:请求花费5398.6207ms 
                        
LoggerDateTime:2017/8/15 13:44:28  
ID:[ThreadID:61] 
Message:Info:请求花费42.5036ms 
                        
LoggerDateTime:2017/8/15 13:44:36  
ID:[ThreadID:66] 
Message:Info:请求花费5700.5084ms 
                        
LoggerDateTime:2017/8/15 13:44:47  
ID:[ThreadID:52] 
Message:Info:请求花费5431.7514ms 
                        
LoggerDateTime:2017/8/15 13:44:53  
ID:[ThreadID:46] 
Message:Info:请求花费4847.6999ms 
                        
LoggerDateTime:2017/8/15 14:22:05  
ID:[ThreadID:122]
Message:Info:请求花费60.7351ms 
                        
LoggerDateTime:2017/8/15 14:22:11  
ID:[ThreadID:118]
Message:Info:请求花费959.0288ms 
                        
LoggerDateTime:2017/8/15 14:22:11  
ID:[ThreadID:122]
Message:Info:请求花费1003.8647ms 
                        
LoggerDateTime:2017/8/15 14:22:20  
ID:[ThreadID:123]
Message:Info:请求花费118.0245ms 
                        
LoggerDateTime:2017/8/15 14:22:20  
ID:[ThreadID:129]
Message:Info:请求花费431.6242ms 
                        
LoggerDateTime:2017/8/15 14:22:23  
ID:[ThreadID:123]
Message:Info:请求花费58.8749ms 
                        
LoggerDateTime:2017/8/15 14:22:23  
ID:[ThreadID:122]
Message:Info:请求花费75.8097ms 
                        
LoggerDateTime:2017/8/15 14:22:25  
ID:[ThreadID:123]
Message:Info:请求花费75.2465ms 
                        
LoggerDateTime:2017/8/15 14:22:25  
ID:[ThreadID:129]
Message:Info:请求花费358.3839ms 
                        
LoggerDateTime:2017/8/15 14:22:27  
ID:[ThreadID:122]
Message:Info:请求花费972.3942ms 
                        
LoggerDateTime:2017/8/15 14:22:27  
ID:[ThreadID:123]
Message:Info:请求花费982.6666ms 
                        
LoggerDateTime:2017/8/15 14:25:43  
ID:[ThreadID:119]
Message:Info:请求花费5518.5401ms 
                        
LoggerDateTime:2017/8/15 14:39:05  
ID:[ThreadID:106]
Message:Info:请求花费65.6657ms 
                        
LoggerDateTime:2017/8/15 14:39:11  
ID:[ThreadID:108]
Message:Info:请求花费5372.446ms 
                        
LoggerDateTime:2017/8/15 14:39:32  
ID:[ThreadID:103]
Message:Info:请求花费48.7274ms 
                        
LoggerDateTime:2017/8/15 14:39:37  
ID:[ThreadID:104]
Message:Info:请求花费4958.9439ms 
                        
LoggerDateTime:2017/8/15 14:39:38  
ID:[ThreadID:108]
Message:Info:请求花费979.4628ms 
                        
LoggerDateTime:2017/8/15 14:39:39  
ID:[ThreadID:110]
Message:Info:请求花费1885.4856ms 
                        
LoggerDateTime:2017/8/15 14:39:39  
ID:[ThreadID:103]
Message:Info:请求花费1139.4786ms 
                        
LoggerDateTime:2017/8/15 14:39:41  
ID:[ThreadID:103]
Message:Info:请求花费365.5472ms 
                        
LoggerDateTime:2017/8/15 14:39:49  
ID:[ThreadID:103]
Message:Info:请求花费4569.8541ms 
                        
LoggerDateTime:2017/8/15 16:01:57  
ID:[ThreadID:176]
Message:Info:请求花费53.2006ms 
                        
LoggerDateTime:2017/8/15 16:01:59  
ID:[ThreadID:172]
Message:Info:请求花费54.6995ms 
                        
LoggerDateTime:2017/8/15 16:02:01  
ID:[ThreadID:176]
Message:Info:请求花费41.2616ms 
                        
