LoggerDateTime:2017/8/14 10:54:19  
ID:[ThreadID:17] 
Message:Info:请求花费1813.7287ms 
                        
LoggerDateTime:2017/8/14 10:54:25  
ID:[ThreadID:17] 
Message:Info:请求花费5378.9053ms 
                        
LoggerDateTime:2017/8/14 10:58:05  
ID:[ThreadID:22] 
Message:Info:请求花费188.8188ms 
                        
LoggerDateTime:2017/8/14 10:58:11  
ID:[ThreadID:3]  
Message:Info:请求花费5140.5794ms 
                        
LoggerDateTime:2017/8/14 11:01:28  
ID:[ThreadID:30] 
Message:Info:请求花费462.3216ms 
                        
LoggerDateTime:2017/8/14 11:01:34  
ID:[ThreadID:27] 
Message:Info:请求花费5578.4902ms 
                        
LoggerDateTime:2017/8/14 11:02:12  
ID:[ThreadID:35] 
Message:Info:请求花费261.3863ms 
                        
LoggerDateTime:2017/8/14 11:02:18  
ID:[ThreadID:35] 
Message:Info:请求花费5639.2693ms 
                        
LoggerDateTime:2017/8/14 11:03:17  
ID:[ThreadID:39] 
Message:Info:请求花费156.4105ms 
                        
LoggerDateTime:2017/8/14 11:03:22  
ID:[ThreadID:27] 
Message:Info:请求花费5277.3338ms 
                        
LoggerDateTime:2017/8/14 11:04:00  
ID:[ThreadID:40] 
Message:Info:请求花费203.6587ms 
                        
LoggerDateTime:2017/8/14 11:04:06  
ID:[ThreadID:39] 
Message:Info:请求花费6087.767ms 
                        
LoggerDateTime:2017/8/14 11:04:26  
ID:[ThreadID:40] 
Message:Info:请求花费154.7081ms 
                        
LoggerDateTime:2017/8/14 11:04:33  
ID:[ThreadID:40] 
Message:Info:请求花费7046.2882ms 
                        
LoggerDateTime:2017/8/14 11:27:53  
ID:[ThreadID:79] 
Message:Info:请求花费122.7277ms 
                        
LoggerDateTime:2017/8/14 11:27:59  
ID:[ThreadID:79] 
Message:Info:请求花费5251.7765ms 
                        
LoggerDateTime:2017/8/14 11:44:44  
ID:[ThreadID:109]
Message:Info:请求花费312.2778ms 
                        
LoggerDateTime:2017/8/14 11:44:44  
ID:[ThreadID:108]
Message:Info:请求花费369.0292ms 
                        
LoggerDateTime:2017/8/14 11:44:44  
ID:[ThreadID:107]
Message:Info:请求花费391.6285ms 
                        
LoggerDateTime:2017/8/14 13:06:52  
ID:[ThreadID:35] 
Message:Info:请求花费353.8096ms 
                        
LoggerDateTime:2017/8/14 13:06:57  
ID:[ThreadID:35] 
Message:Info:请求花费804.031ms 
                        
LoggerDateTime:2017/8/14 13:07:03  
ID:[ThreadID:35] 
Message:Info:请求花费1164.0764ms 
                        
LoggerDateTime:2017/8/14 13:07:14  
ID:[ThreadID:35] 
Message:Info:请求花费5404.0663ms 
                        
LoggerDateTime:2017/8/14 13:08:02  
ID:[ThreadID:35] 
Message:Info:请求花费179.9932ms 
                        
LoggerDateTime:2017/8/14 13:08:10  
ID:[ThreadID:34] 
Message:Info:请求花费5160.4096ms 
                        
LoggerDateTime:2017/8/14 13:08:46  
ID:[ThreadID:35] 
Message:Info:请求花费161.6414ms 
                        
LoggerDateTime:2017/8/14 13:08:51  
ID:[ThreadID:34] 
Message:Info:请求花费5268.2548ms 
                        
LoggerDateTime:2017/8/14 13:10:17  
ID:[ThreadID:38] 
Message:Info:请求花费138.0463ms 
                        
LoggerDateTime:2017/8/14 13:10:29  
ID:[ThreadID:34] 
Message:Info:请求花费5353.3219ms 
                        
LoggerDateTime:2017/8/14 13:12:41  
ID:[ThreadID:4]  
Message:Info:请求花费149.8095ms 
                        
LoggerDateTime:2017/8/14 13:12:55  
ID:[ThreadID:23] 
Message:Info:请求花费9622.3021ms 
                        
LoggerDateTime:2017/8/14 13:16:00  
ID:[ThreadID:22] 
Message:Info:请求花费136.7693ms 
                        
LoggerDateTime:2017/8/14 13:16:13  
ID:[ThreadID:21] 
Message:Info:请求花费5364.7182ms 
                        
LoggerDateTime:2017/8/14 13:17:17  
ID:[ThreadID:21] 
Message:Info:请求花费138.5404ms 
                        
LoggerDateTime:2017/8/14 13:17:35  
ID:[ThreadID:21] 
Message:Info:请求花费5283.8597ms 
                        
LoggerDateTime:2017/8/14 13:22:19  
ID:[ThreadID:36] 
Message:Info:请求花费259.0716ms 
                        
LoggerDateTime:2017/8/14 13:22:30  
ID:[ThreadID:31] 
Message:Info:请求花费6453.5908ms 
                        
LoggerDateTime:2017/8/14 13:25:25  
ID:[ThreadID:49] 
Message:Info:请求花费182.7516ms 
                        
LoggerDateTime:2017/8/14 13:25:34  
ID:[ThreadID:42] 
Message:Info:请求花费5319.532ms 
                        
LoggerDateTime:2017/8/14 13:36:47  
ID:[ThreadID:33] 
Message:Info:请求花费169.7199ms 
                        
LoggerDateTime:2017/8/14 13:36:56  
ID:[ThreadID:33] 
Message:Info:请求花费5268.9976ms 
                        
LoggerDateTime:2017/8/14 13:44:42  
ID:[ThreadID:21] 
Message:Info:请求花费187.0097ms 
                        
LoggerDateTime:2017/8/14 13:44:55  
ID:[ThreadID:4]  
Message:Info:请求花费7021.5445ms 
                        
LoggerDateTime:2017/8/14 13:50:35  
ID:[ThreadID:52] 
Message:Info:请求花费191.7812ms 
                        
LoggerDateTime:2017/8/14 13:51:08  
ID:[ThreadID:51] 
Message:Info:请求花费5642.2142ms 
                        
LoggerDateTime:2017/8/14 13:54:02  
ID:[ThreadID:58] 
Message:Info:请求花费181.5245ms 
                        
LoggerDateTime:2017/8/14 13:55:51  
ID:[ThreadID:108]
Message:Info:请求花费5616.5353ms 
                        
LoggerDateTime:2017/8/14 13:55:58  
ID:[ThreadID:108]
Message:Info:请求花费178.8446ms 
                        
LoggerDateTime:2017/8/14 13:56:11  
ID:[ThreadID:108]
Message:Info:请求花费5696.5856ms 
                        
LoggerDateTime:2017/8/14 14:04:29  
ID:[ThreadID:21] 
Message:Info:请求花费262.5579ms 
                        
LoggerDateTime:2017/8/14 14:05:07  
ID:[ThreadID:21] 
Message:Info:请求花费10342.0387ms 
                        
