LoggerDateTime:2017/9/29 15:26:48  
Type:ApiReQuestTime
ID:[ThreadID:5]  
Message:Info:请求花费28970.9235ms   |||
                        
LoggerDateTime:2017/9/29 15:38:29  
Type:ApiReQuestTime
ID:[ThreadID:26] 
Message:Info:请求花费2754.4512ms   |||
                        
LoggerDateTime:2017/9/29 15:58:38  
Type:ApiReQuestTime
ID:[ThreadID:18] 
Message:Info:请求花费77732.3661ms   |||
                        
LoggerDateTime:2017/9/29 17:09:50  
Type:ApiReQuestTime
ID:[ThreadID:12] 
Message:Info:请求花费8002.6949ms   |||
                        
LoggerDateTime:2017/9/29 18:01:33  
Type:ApiReQuestTime
ID:[ThreadID:13] 
Message:Info:请求花费7601.1181ms   |||
                        
