LoggerDateTime:2017/7/21 11:59:14  
ID:[ThreadID:11] 
Message:Info:请求花费638.0346ms 
                        
LoggerDateTime:2017/7/21 11:59:14  
ID:[ThreadID:6]  
Message:Info:请求花费621.6699ms 
                        
LoggerDateTime:2017/7/21 11:59:14  
ID:[ThreadID:4]  
Message:Info:请求花费721.31ms 
                        
LoggerDateTime:2017/7/21 12:00:05  
ID:[ThreadID:16] 
Message:Info:请求花费69.8208ms 
                        
LoggerDateTime:2017/7/21 12:00:10  
ID:[ThreadID:17] 
Message:Info:请求花费58.5201ms 
                        
LoggerDateTime:2017/7/21 12:03:16  
ID:[ThreadID:26] 
Message:Info:请求花费88.7033ms 
                        
LoggerDateTime:2017/7/21 12:03:16  
ID:[ThreadID:24] 
Message:Info:请求花费78.4254ms 
                        
LoggerDateTime:2017/7/21 12:03:16  
ID:[ThreadID:25] 
Message:Info:请求花费43.5054ms 
                        
LoggerDateTime:2017/7/21 12:03:31  
ID:[ThreadID:23] 
Message:Info:请求花费117.793ms 
                        
LoggerDateTime:2017/7/21 12:03:31  
ID:[ThreadID:24] 
Message:Info:请求花费69.5405ms 
                        
LoggerDateTime:2017/7/21 12:03:31  
ID:[ThreadID:26] 
Message:Info:请求花费48.1709ms 
                        
LoggerDateTime:2017/7/21 12:03:46  
ID:[ThreadID:26] 
Message:Info:请求花费62.8687ms 
                        
LoggerDateTime:2017/7/21 12:03:46  
ID:[ThreadID:31] 
Message:Info:请求花费75.4199ms 
                        
LoggerDateTime:2017/7/21 12:03:47  
ID:[ThreadID:23] 
Message:Info:请求花费47.798ms 
                        
LoggerDateTime:2017/7/21 14:30:59  
ID:[ThreadID:281]
Message:Info:请求花费90.3409ms 
                        
LoggerDateTime:2017/7/21 14:30:59  
ID:[ThreadID:282]
Message:Info:请求花费86.8764ms 
                        
LoggerDateTime:2017/7/21 14:30:59  
ID:[ThreadID:283]
Message:Info:请求花费107.5039ms 
                        
LoggerDateTime:2017/7/21 14:32:38  
ID:[ThreadID:281]
Message:Info:请求花费58.0111ms 
                        
LoggerDateTime:2017/7/21 14:32:38  
ID:[ThreadID:287]
Message:Info:请求花费65.7619ms 
                        
LoggerDateTime:2017/7/21 14:32:38  
ID:[ThreadID:288]
Message:Info:请求花费54.3986ms 
                        
LoggerDateTime:2017/7/21 14:44:19  
ID:[ThreadID:303]
Message:Info:请求花费19518.3203ms 
                        
LoggerDateTime:2017/7/21 14:44:19  
ID:[ThreadID:304]
Message:Info:请求花费21065.4624ms 
                        
LoggerDateTime:2017/7/21 14:44:19  
ID:[ThreadID:298]
Message:Info:请求花费45.0533ms 
                        
